Analysis & Synthesis report for FP_Adder_32
Sun Jul 24 23:30:45 2022
Quartus Prime Version 18.1.1 Build 646 04/11/2019 SJ Lite Edition


---------------------
; Table of Contents ;
---------------------
  1. Legal Notice
  2. Analysis & Synthesis Summary
  3. Analysis & Synthesis Settings
  4. Parallel Compilation
  5. Analysis & Synthesis Source Files Read
  6. Analysis & Synthesis Resource Usage Summary
  7. Analysis & Synthesis Resource Utilization by Entity
  8. State Machine - |FP_Adder_32|state
  9. Registers Removed During Synthesis
 10. General Register Statistics
 11. Multiplexer Restructuring Statistics (Restructuring Performed)
 12. Post-Synthesis Netlist Statistics for Top Partition
 13. Elapsed Time Per Partition
 14. Analysis & Synthesis Messages
 15. Analysis & Synthesis Suppressed Messages



----------------
; Legal Notice ;
----------------
Copyright (C) 2019  Intel Corporation. All rights reserved.
Your use of Intel Corporation's design tools, logic functions 
and other software and tools, and any partner logic 
functions, and any output files from any of the foregoing 
(including device programming or simulation files), and any 
associated documentation or information are expressly subject 
to the terms and conditions of the Intel Program License 
Subscription Agreement, the Intel Quartus Prime License Agreement,
the Intel FPGA IP License Agreement, or other applicable license
agreement, including, without limitation, that your use is for
the sole purpose of programming logic devices manufactured by
Intel and sold by Intel or its authorized distributors.  Please
refer to the applicable agreement for further details, at
https://fpgasoftware.intel.com/eula.



+-------------------------------------------------------------------------------+
; Analysis & Synthesis Summary                                                  ;
+---------------------------------+---------------------------------------------+
; Analysis & Synthesis Status     ; Successful - Sun Jul 24 23:30:45 2022       ;
; Quartus Prime Version           ; 18.1.1 Build 646 04/11/2019 SJ Lite Edition ;
; Revision Name                   ; FP_Adder_32                                 ;
; Top-level Entity Name           ; FP_Adder_32                                 ;
; Family                          ; Cyclone V                                   ;
; Logic utilization (in ALMs)     ; N/A                                         ;
; Total registers                 ; 930                                         ;
; Total pins                      ; 99                                          ;
; Total virtual pins              ; 0                                           ;
; Total block memory bits         ; 0                                           ;
; Total DSP Blocks                ; 0                                           ;
; Total HSSI RX PCSs              ; 0                                           ;
; Total HSSI PMA RX Deserializers ; 0                                           ;
; Total HSSI TX PCSs              ; 0                                           ;
; Total HSSI PMA TX Serializers   ; 0                                           ;
; Total PLLs                      ; 0                                           ;
; Total DLLs                      ; 0                                           ;
+---------------------------------+---------------------------------------------+


+---------------------------------------------------------------------------------------------------------------------------+
; Analysis & Synthesis Settings                                                                                             ;
+---------------------------------------------------------------------------------+--------------------+--------------------+
; Option                                                                          ; Setting            ; Default Value      ;
+---------------------------------------------------------------------------------+--------------------+--------------------+
; Device                                                                          ; 5CGXFC7C7F23C8     ;                    ;
; Top-level entity name                                                           ; FP_Adder_32        ; FP_Adder_32        ;
; Family name                                                                     ; Cyclone V          ; Cyclone V          ;
; Use smart compilation                                                           ; Off                ; Off                ;
; Enable parallel Assembler and Timing Analyzer during compilation                ; On                 ; On                 ;
; Enable compact report table                                                     ; Off                ; Off                ;
; Restructure Multiplexers                                                        ; Auto               ; Auto               ;
; MLAB Add Timing Constraints For Mixed-Port Feed-Through Mode Setting Don't Care ; Off                ; Off                ;
; Create Debugging Nodes for IP Cores                                             ; Off                ; Off                ;
; Preserve fewer node names                                                       ; On                 ; On                 ;
; Intel FPGA IP Evaluation Mode                                                   ; Enable             ; Enable             ;
; Verilog Version                                                                 ; Verilog_2001       ; Verilog_2001       ;
; VHDL Version                                                                    ; VHDL_1993          ; VHDL_1993          ;
; State Machine Processing                                                        ; Auto               ; Auto               ;
; Safe State Machine                                                              ; Off                ; Off                ;
; Extract Verilog State Machines                                                  ; On                 ; On                 ;
; Extract VHDL State Machines                                                     ; On                 ; On                 ;
; Ignore Verilog initial constructs                                               ; Off                ; Off                ;
; Iteration limit for constant Verilog loops                                      ; 5000               ; 5000               ;
; Iteration limit for non-constant Verilog loops                                  ; 250                ; 250                ;
; Add Pass-Through Logic to Inferred RAMs                                         ; On                 ; On                 ;
; Infer RAMs from Raw Logic                                                       ; On                 ; On                 ;
; Parallel Synthesis                                                              ; On                 ; On                 ;
; DSP Block Balancing                                                             ; Auto               ; Auto               ;
; NOT Gate Push-Back                                                              ; On                 ; On                 ;
; Power-Up Don't Care                                                             ; On                 ; On                 ;
; Remove Redundant Logic Cells                                                    ; Off                ; Off                ;
; Remove Duplicate Registers                                                      ; On                 ; On                 ;
; Ignore CARRY Buffers                                                            ; Off                ; Off                ;
; Ignore CASCADE Buffers                                                          ; Off                ; Off                ;
; Ignore GLOBAL Buffers                                                           ; Off                ; Off                ;
; Ignore ROW GLOBAL Buffers                                                       ; Off                ; Off                ;
; Ignore LCELL Buffers                                                            ; Off                ; Off                ;
; Ignore SOFT Buffers                                                             ; On                 ; On                 ;
; Limit AHDL Integers to 32 Bits                                                  ; Off                ; Off                ;
; Optimization Technique                                                          ; Balanced           ; Balanced           ;
; Carry Chain Length                                                              ; 70                 ; 70                 ;
; Auto Carry Chains                                                               ; On                 ; On                 ;
; Auto Open-Drain Pins                                                            ; On                 ; On                 ;
; Perform WYSIWYG Primitive Resynthesis                                           ; Off                ; Off                ;
; Auto ROM Replacement                                                            ; On                 ; On                 ;
; Auto RAM Replacement                                                            ; On                 ; On                 ;
; Auto DSP Block Replacement                                                      ; On                 ; On                 ;
; Auto Shift Register Replacement                                                 ; Auto               ; Auto               ;
; Allow Shift Register Merging across Hierarchies                                 ; Auto               ; Auto               ;
; Auto Clock Enable Replacement                                                   ; On                 ; On                 ;
; Strict RAM Replacement                                                          ; Off                ; Off                ;
; Allow Synchronous Control Signals                                               ; On                 ; On                 ;
; Force Use of Synchronous Clear Signals                                          ; Off                ; Off                ;
; Auto Resource Sharing                                                           ; Off                ; Off                ;
; Allow Any RAM Size For Recognition                                              ; Off                ; Off                ;
; Allow Any ROM Size For Recognition                                              ; Off                ; Off                ;
; Allow Any Shift Register Size For Recognition                                   ; Off                ; Off                ;
; Use LogicLock Constraints during Resource Balancing                             ; On                 ; On                 ;
; Ignore translate_off and synthesis_off directives                               ; Off                ; Off                ;
; Timing-Driven Synthesis                                                         ; On                 ; On                 ;
; Report Parameter Settings                                                       ; On                 ; On                 ;
; Report Source Assignments                                                       ; On                 ; On                 ;
; Report Connectivity Checks                                                      ; On                 ; On                 ;
; Ignore Maximum Fan-Out Assignments                                              ; Off                ; Off                ;
; Synchronization Register Chain Length                                           ; 3                  ; 3                  ;
; Power Optimization During Synthesis                                             ; Normal compilation ; Normal compilation ;
; HDL message level                                                               ; Level2             ; Level2             ;
; Suppress Register Optimization Related Messages                                 ; Off                ; Off                ;
; Number of Removed Registers Reported in Synthesis Report                        ; 5000               ; 5000               ;
; Number of Swept Nodes Reported in Synthesis Report                              ; 5000               ; 5000               ;
; Number of Inverted Registers Reported in Synthesis Report                       ; 100                ; 100                ;
; Clock MUX Protection                                                            ; On                 ; On                 ;
; Auto Gated Clock Conversion                                                     ; Off                ; Off                ;
; Block Design Naming                                                             ; Auto               ; Auto               ;
; SDC constraint protection                                                       ; Off                ; Off                ;
; Synthesis Effort                                                                ; Auto               ; Auto               ;
; Shift Register Replacement - Allow Asynchronous Clear Signal                    ; On                 ; On                 ;
; Pre-Mapping Resynthesis Optimization                                            ; Off                ; Off                ;
; Analysis & Synthesis Message Level                                              ; Medium             ; Medium             ;
; Disable Register Merging Across Hierarchies                                     ; Auto               ; Auto               ;
; Resource Aware Inference For Block RAM                                          ; On                 ; On                 ;
; Automatic Parallel Synthesis                                                    ; On                 ; On                 ;
; Partial Reconfiguration Bitstream ID                                            ; Off                ; Off                ;
+---------------------------------------------------------------------------------+--------------------+--------------------+


+------------------------------------------+
; Parallel Compilation                     ;
+----------------------------+-------------+
; Processors                 ; Number      ;
+----------------------------+-------------+
; Number detected on machine ; 16          ;
; Maximum allowed            ; 16          ;
;                            ;             ;
; Average used               ; 1.01        ;
; Maximum used               ; 16          ;
;                            ;             ;
; Usage by Processor         ; % Time Used ;
;     Processor 1            ; 100.0%      ;
;     Processor 2            ;   0.1%      ;
;     Processor 3            ;   0.1%      ;
;     Processor 4            ;   0.1%      ;
;     Processor 5            ;   0.1%      ;
;     Processor 6            ;   0.1%      ;
;     Processor 7            ;   0.0%      ;
;     Processor 8            ;   0.0%      ;
;     Processors 9-16        ;   0.0%      ;
+----------------------------+-------------+


+------------------------------------------------------------------------------------------------------------------------------------------------------------------------------------+
; Analysis & Synthesis Source Files Read                                                                                                                                             ;
+----------------------------------+-----------------+------------------------+--------------------------------------------------------------------------------------------+---------+
; File Name with User-Entered Path ; Used in Netlist ; File Type              ; File Name with Absolute Path                                                               ; Library ;
+----------------------------------+-----------------+------------------------+--------------------------------------------------------------------------------------------+---------+
; FP_Adder_32.v                    ; yes             ; User Verilog HDL File  ; D:/IIT BOMBAY/M.Tech Projects/Floating Point Arithmetic/Floating Point Adder/FP_Adder_32.v ;         ;
+----------------------------------+-----------------+------------------------+--------------------------------------------------------------------------------------------+---------+


+---------------------------------------------------------+
; Analysis & Synthesis Resource Usage Summary             ;
+---------------------------------------------+-----------+
; Resource                                    ; Usage     ;
+---------------------------------------------+-----------+
; Estimate of Logic utilization (ALMs needed) ; 4618      ;
;                                             ;           ;
; Combinational ALUT usage for logic          ; 5459      ;
;     -- 7 input functions                    ; 11        ;
;     -- 6 input functions                    ; 3763      ;
;     -- 5 input functions                    ; 808       ;
;     -- 4 input functions                    ; 503       ;
;     -- <=3 input functions                  ; 374       ;
;                                             ;           ;
; Dedicated logic registers                   ; 930       ;
;                                             ;           ;
; I/O pins                                    ; 99        ;
;                                             ;           ;
; Total DSP Blocks                            ; 0         ;
;                                             ;           ;
; Maximum fan-out node                        ; clk~input ;
; Maximum fan-out                             ; 930       ;
; Total fan-out                               ; 33749     ;
; Average fan-out                             ; 5.12      ;
+---------------------------------------------+-----------+


+----------------------------------------------------------------------------------------------------------------------------------------------------------------------------------------+
; Analysis & Synthesis Resource Utilization by Entity                                                                                                                                    ;
+----------------------------+---------------------+---------------------------+-------------------+------------+------+--------------+---------------------+-------------+--------------+
; Compilation Hierarchy Node ; Combinational ALUTs ; Dedicated Logic Registers ; Block Memory Bits ; DSP Blocks ; Pins ; Virtual Pins ; Full Hierarchy Name ; Entity Name ; Library Name ;
+----------------------------+---------------------+---------------------------+-------------------+------------+------+--------------+---------------------+-------------+--------------+
; |FP_Adder_32               ; 5459 (5459)         ; 930 (930)                 ; 0                 ; 0          ; 99   ; 0            ; |FP_Adder_32        ; FP_Adder_32 ; work         ;
+----------------------------+---------------------+---------------------------+-------------------+------------+------+--------------+---------------------+-------------+--------------+
Note: For table entries with two numbers listed, the numbers in parentheses indicate the number of resources of the given type used by the specific entity alone. The numbers listed outside of parentheses indicate the total resources of the given type used by the specific entity and all of its sub-entities in the hierarchy.


Encoding Type:  One-Hot
+-----------------------------------------------------------------------------------------------------------+
; State Machine - |FP_Adder_32|state                                                                        ;
+--------------+------------+-------------+-------------+----------+--------------+-------------+-----------+
; Name         ; state.RSLT ; state.WRITE ; state.SHIFT ; state.OP ; state.NEGPOS ; state.START ; state.RDY ;
+--------------+------------+-------------+-------------+----------+--------------+-------------+-----------+
; state.RDY    ; 0          ; 0           ; 0           ; 0        ; 0            ; 0           ; 0         ;
; state.START  ; 0          ; 0           ; 0           ; 0        ; 0            ; 1           ; 1         ;
; state.NEGPOS ; 0          ; 0           ; 0           ; 0        ; 1            ; 0           ; 1         ;
; state.OP     ; 0          ; 0           ; 0           ; 1        ; 0            ; 0           ; 1         ;
; state.SHIFT  ; 0          ; 0           ; 1           ; 0        ; 0            ; 0           ; 1         ;
; state.WRITE  ; 0          ; 1           ; 0           ; 0        ; 0            ; 0           ; 1         ;
; state.RSLT   ; 1          ; 0           ; 0           ; 0        ; 0            ; 0           ; 1         ;
+--------------+------------+-------------+-------------+----------+--------------+-------------+-----------+


+---------------------------------------------------------------------+
; Registers Removed During Synthesis                                  ;
+----------------------------------------+----------------------------+
; Register name                          ; Reason for Removal         ;
+----------------------------------------+----------------------------+
; bigshift[8,9,11..31]                   ; Merged with bigshift[10]   ;
; smallshift[8,9,11..31]                 ; Merged with smallshift[10] ;
; state~9                                ; Lost fanout                ;
; state~10                               ; Lost fanout                ;
; state~11                               ; Lost fanout                ;
; state~12                               ; Lost fanout                ;
; Total Number of Removed Registers = 50 ;                            ;
+----------------------------------------+----------------------------+


+------------------------------------------------------+
; General Register Statistics                          ;
+----------------------------------------------+-------+
; Statistic                                    ; Value ;
+----------------------------------------------+-------+
; Total registers                              ; 930   ;
; Number of registers using Synchronous Clear  ; 523   ;
; Number of registers using Synchronous Load   ; 236   ;
; Number of registers using Asynchronous Clear ; 0     ;
; Number of registers using Asynchronous Load  ; 0     ;
; Number of registers using Clock Enable       ; 922   ;
; Number of registers using Preset             ; 0     ;
+----------------------------------------------+-------+


+-------------------------------------------------------------------------------------------------------------------------------------------+
; Multiplexer Restructuring Statistics (Restructuring Performed)                                                                            ;
+--------------------+-----------+---------------+----------------------+------------------------+------------+-----------------------------+
; Multiplexer Inputs ; Bus Width ; Baseline Area ; Area if Restructured ; Saving if Restructured ; Registered ; Example Multiplexer Output  ;
+--------------------+-----------+---------------+----------------------+------------------------+------------+-----------------------------+
; 5:1                ; 19 bits   ; 57 LEs        ; 0 LEs                ; 57 LEs                 ; Yes        ; |FP_Adder_32|smallshift[6]  ;
; 4:1                ; 32 bits   ; 64 LEs        ; 32 LEs               ; 32 LEs                 ; Yes        ; |FP_Adder_32|result[3]~reg0 ;
; 14:1               ; 43 bits   ; 387 LEs       ; 172 LEs              ; 215 LEs                ; Yes        ; |FP_Adder_32|bigreg[150]    ;
; 14:1               ; 21 bits   ; 189 LEs       ; 84 LEs               ; 105 LEs                ; Yes        ; |FP_Adder_32|bigreg[212]    ;
; 14:1               ; 41 bits   ; 369 LEs       ; 123 LEs              ; 246 LEs                ; Yes        ; |FP_Adder_32|bigreg[107]    ;
; 14:1               ; 21 bits   ; 189 LEs       ; 84 LEs               ; 105 LEs                ; Yes        ; |FP_Adder_32|bigreg[71]     ;
; 14:1               ; 5 bits    ; 45 LEs        ; 40 LEs               ; 5 LEs                  ; Yes        ; |FP_Adder_32|bigreg[260]    ;
; 14:1               ; 43 bits   ; 387 LEs       ; 172 LEs              ; 215 LEs                ; Yes        ; |FP_Adder_32|smallreg[154]  ;
; 14:1               ; 21 bits   ; 189 LEs       ; 84 LEs               ; 105 LEs                ; Yes        ; |FP_Adder_32|smallreg[199]  ;
; 14:1               ; 41 bits   ; 369 LEs       ; 123 LEs              ; 246 LEs                ; Yes        ; |FP_Adder_32|smallreg[94]   ;
; 14:1               ; 21 bits   ; 189 LEs       ; 84 LEs               ; 105 LEs                ; Yes        ; |FP_Adder_32|smallreg[66]   ;
; 14:1               ; 5 bits    ; 45 LEs        ; 40 LEs               ; 5 LEs                  ; Yes        ; |FP_Adder_32|smallreg[260]  ;
; 15:1               ; 43 bits   ; 430 LEs       ; 172 LEs              ; 258 LEs                ; Yes        ; |FP_Adder_32|bigreg[28]     ;
; 15:1               ; 5 bits    ; 50 LEs        ; 40 LEs               ; 10 LEs                 ; Yes        ; |FP_Adder_32|bigreg[20]     ;
; 15:1               ; 43 bits   ; 430 LEs       ; 172 LEs              ; 258 LEs                ; Yes        ; |FP_Adder_32|smallreg[47]   ;
; 15:1               ; 5 bits    ; 50 LEs        ; 40 LEs               ; 10 LEs                 ; Yes        ; |FP_Adder_32|smallreg[20]   ;
; 15:1               ; 43 bits   ; 430 LEs       ; 172 LEs              ; 258 LEs                ; Yes        ; |FP_Adder_32|bigreg[219]    ;
; 15:1               ; 43 bits   ; 430 LEs       ; 172 LEs              ; 258 LEs                ; Yes        ; |FP_Adder_32|smallreg[238]  ;
; 17:1               ; 12 bits   ; 132 LEs       ; 72 LEs               ; 60 LEs                 ; Yes        ; |FP_Adder_32|bigreg[269]    ;
; 17:1               ; 12 bits   ; 132 LEs       ; 72 LEs               ; 60 LEs                 ; Yes        ; |FP_Adder_32|smallreg[271]  ;
; 18:1               ; 12 bits   ; 144 LEs       ; 96 LEs               ; 48 LEs                 ; Yes        ; |FP_Adder_32|bigreg[12]     ;
; 18:1               ; 12 bits   ; 144 LEs       ; 96 LEs               ; 48 LEs                 ; Yes        ; |FP_Adder_32|smallreg[12]   ;
; 20:1               ; 4 bits    ; 52 LEs        ; 44 LEs               ; 8 LEs                  ; Yes        ; |FP_Adder_32|bigreg[276]    ;
; 20:1               ; 4 bits    ; 52 LEs        ; 44 LEs               ; 8 LEs                  ; Yes        ; |FP_Adder_32|smallreg[276]  ;
; 21:1               ; 4 bits    ; 56 LEs        ; 48 LEs               ; 8 LEs                  ; Yes        ; |FP_Adder_32|bigreg[1]      ;
; 19:1               ; 2 bits    ; 24 LEs        ; 16 LEs               ; 8 LEs                  ; Yes        ; |FP_Adder_32|bigreg[126]    ;
; 19:1               ; 21 bits   ; 252 LEs       ; 105 LEs              ; 147 LEs                ; Yes        ; |FP_Adder_32|bigreg[128]    ;
; 21:1               ; 4 bits    ; 56 LEs        ; 48 LEs               ; 8 LEs                  ; Yes        ; |FP_Adder_32|smallreg[2]    ;
; 19:1               ; 2 bits    ; 24 LEs        ; 16 LEs               ; 8 LEs                  ; Yes        ; |FP_Adder_32|smallreg[126]  ;
; 19:1               ; 21 bits   ; 252 LEs       ; 105 LEs              ; 147 LEs                ; Yes        ; |FP_Adder_32|smallreg[147]  ;
; 281:1              ; 9 bits    ; 1683 LEs      ; 1656 LEs             ; 27 LEs                 ; Yes        ; |FP_Adder_32|pos[0]         ;
; 3:1                ; 12 bits   ; 24 LEs        ; 24 LEs               ; 0 LEs                  ; No         ; |FP_Adder_32|Mux22          ;
; 4:1                ; 22 bits   ; 44 LEs        ; 44 LEs               ; 0 LEs                  ; No         ; |FP_Adder_32|Mux22          ;
; 4:1                ; 14 bits   ; 28 LEs        ; 28 LEs               ; 0 LEs                  ; No         ; |FP_Adder_32|Mux22          ;
; 4:1                ; 20 bits   ; 40 LEs        ; 40 LEs               ; 0 LEs                  ; No         ; |FP_Adder_32|Mux22          ;
; 4:1                ; 270 bits  ; 540 LEs       ; 540 LEs              ; 0 LEs                  ; No         ; |FP_Adder_32|ShiftLeft0     ;
; 4:1                ; 270 bits  ; 540 LEs       ; 540 LEs              ; 0 LEs                  ; No         ; |FP_Adder_32|ShiftRight0    ;
; 4:1                ; 4 bits    ; 8 LEs         ; 8 LEs                ; 0 LEs                  ; No         ; |FP_Adder_32|ShiftLeft0     ;
; 4:1                ; 4 bits    ; 8 LEs         ; 8 LEs                ; 0 LEs                  ; No         ; |FP_Adder_32|ShiftLeft0     ;
; 4:1                ; 249 bits  ; 498 LEs       ; 498 LEs              ; 0 LEs                  ; No         ; |FP_Adder_32|ShiftLeft0     ;
; 4:1                ; 16 bits   ; 32 LEs        ; 32 LEs               ; 0 LEs                  ; No         ; |FP_Adder_32|ShiftLeft0     ;
; 4:1                ; 16 bits   ; 32 LEs        ; 32 LEs               ; 0 LEs                  ; No         ; |FP_Adder_32|ShiftLeft0     ;
; 4:1                ; 165 bits  ; 330 LEs       ; 330 LEs              ; 0 LEs                  ; No         ; |FP_Adder_32|ShiftLeft0     ;
; 4:1                ; 4 bits    ; 8 LEs         ; 8 LEs                ; 0 LEs                  ; No         ; |FP_Adder_32|ShiftRight0    ;
; 4:1                ; 4 bits    ; 8 LEs         ; 8 LEs                ; 0 LEs                  ; No         ; |FP_Adder_32|ShiftRight0    ;
; 4:1                ; 249 bits  ; 498 LEs       ; 498 LEs              ; 0 LEs                  ; No         ; |FP_Adder_32|ShiftRight0    ;
; 4:1                ; 16 bits   ; 32 LEs        ; 32 LEs               ; 0 LEs                  ; No         ; |FP_Adder_32|ShiftRight0    ;
; 4:1                ; 16 bits   ; 32 LEs        ; 32 LEs               ; 0 LEs                  ; No         ; |FP_Adder_32|ShiftRight0    ;
; 4:1                ; 165 bits  ; 330 LEs       ; 330 LEs              ; 0 LEs                  ; No         ; |FP_Adder_32|ShiftRight0    ;
; 4:1                ; 270 bits  ; 540 LEs       ; 540 LEs              ; 0 LEs                  ; No         ; |FP_Adder_32|ShiftLeft1     ;
; 4:1                ; 270 bits  ; 540 LEs       ; 540 LEs              ; 0 LEs                  ; No         ; |FP_Adder_32|ShiftRight1    ;
; 4:1                ; 4 bits    ; 8 LEs         ; 8 LEs                ; 0 LEs                  ; No         ; |FP_Adder_32|ShiftLeft1     ;
; 4:1                ; 4 bits    ; 8 LEs         ; 8 LEs                ; 0 LEs                  ; No         ; |FP_Adder_32|ShiftLeft1     ;
; 4:1                ; 249 bits  ; 498 LEs       ; 498 LEs              ; 0 LEs                  ; No         ; |FP_Adder_32|ShiftLeft1     ;
; 4:1                ; 16 bits   ; 32 LEs        ; 32 LEs               ; 0 LEs                  ; No         ; |FP_Adder_32|ShiftLeft1     ;
; 4:1                ; 16 bits   ; 32 LEs        ; 32 LEs               ; 0 LEs                  ; No         ; |FP_Adder_32|ShiftLeft1     ;
; 4:1                ; 165 bits  ; 330 LEs       ; 330 LEs              ; 0 LEs                  ; No         ; |FP_Adder_32|ShiftLeft1     ;
; 4:1                ; 4 bits    ; 8 LEs         ; 8 LEs                ; 0 LEs                  ; No         ; |FP_Adder_32|ShiftRight1    ;
; 4:1                ; 4 bits    ; 8 LEs         ; 8 LEs                ; 0 LEs                  ; No         ; |FP_Adder_32|ShiftRight1    ;
; 4:1                ; 249 bits  ; 498 LEs       ; 498 LEs              ; 0 LEs                  ; No         ; |FP_Adder_32|ShiftRight1    ;
; 4:1                ; 16 bits   ; 32 LEs        ; 32 LEs               ; 0 LEs                  ; No         ; |FP_Adder_32|ShiftRight1    ;
; 4:1                ; 16 bits   ; 32 LEs        ; 32 LEs               ; 0 LEs                  ; No         ; |FP_Adder_32|ShiftRight1    ;
; 4:1                ; 165 bits  ; 330 LEs       ; 330 LEs              ; 0 LEs                  ; No         ; |FP_Adder_32|ShiftRight1    ;
; 7:1                ; 2 bits    ; 8 LEs         ; 8 LEs                ; 0 LEs                  ; No         ; |FP_Adder_32|Mux22          ;
; 7:1                ; 12 bits   ; 48 LEs        ; 48 LEs               ; 0 LEs                  ; No         ; |FP_Adder_32|Mux22          ;
; 9:1                ; 10 bits   ; 60 LEs        ; 60 LEs               ; 0 LEs                  ; No         ; |FP_Adder_32|Mux22          ;
; 9:1                ; 4 bits    ; 24 LEs        ; 24 LEs               ; 0 LEs                  ; No         ; |FP_Adder_32|Mux22          ;
; 10:1               ; 6 bits    ; 36 LEs        ; 36 LEs               ; 0 LEs                  ; No         ; |FP_Adder_32|Mux22          ;
; 12:1               ; 9 bits    ; 72 LEs        ; 72 LEs               ; 0 LEs                  ; No         ; |FP_Adder_32|Mux22          ;
; 12:1               ; 6 bits    ; 48 LEs        ; 48 LEs               ; 0 LEs                  ; No         ; |FP_Adder_32|Mux22          ;
+--------------------+-----------+---------------+----------------------+------------------------+------------+-----------------------------+


+-----------------------------------------------------+
; Post-Synthesis Netlist Statistics for Top Partition ;
+-----------------------+-----------------------------+
; Type                  ; Count                       ;
+-----------------------+-----------------------------+
; arriav_ff             ; 930                         ;
;     ENA               ; 359                         ;
;     ENA SCLR          ; 327                         ;
;     ENA SCLR SLD      ; 196                         ;
;     ENA SLD           ; 40                          ;
;     plain             ; 8                           ;
; arriav_lcell_comb     ; 5459                        ;
;     arith             ; 320                         ;
;         0 data inputs ; 2                           ;
;         1 data inputs ; 37                          ;
;         2 data inputs ; 4                           ;
;         4 data inputs ; 277                         ;
;     extend            ; 11                          ;
;         7 data inputs ; 11                          ;
;     normal            ; 5128                        ;
;         1 data inputs ; 1                           ;
;         2 data inputs ; 217                         ;
;         3 data inputs ; 113                         ;
;         4 data inputs ; 226                         ;
;         5 data inputs ; 808                         ;
;         6 data inputs ; 3763                        ;
; boundary_port         ; 99                          ;
;                       ;                             ;
; Max LUT depth         ; 28.70                       ;
; Average LUT depth     ; 8.06                        ;
+-----------------------+-----------------------------+


+-------------------------------+
; Elapsed Time Per Partition    ;
+----------------+--------------+
; Partition Name ; Elapsed Time ;
+----------------+--------------+
; Top            ; 00:00:17     ;
+----------------+--------------+


+-------------------------------+
; Analysis & Synthesis Messages ;
+-------------------------------+
Info: *******************************************************************
Info: Running Quartus Prime Analysis & Synthesis
    Info: Version 18.1.1 Build 646 04/11/2019 SJ Lite Edition
    Info: Processing started: Sun Jul 24 23:30:17 2022
Info: Command: quartus_map --read_settings_files=on --write_settings_files=off FP_Adder_32 -c FP_Adder_32
Warning (18236): Number of processors has not been specified which may cause overloading on shared machines.  Set the global assignment NUM_PARALLEL_PROCESSORS in your QSF to an appropriate value for best performance.
Info (20030): Parallel compilation is enabled and will use 16 of the 16 processors detected
Info (12021): Found 1 design units, including 1 entities, in source file fp_adder_32.v
    Info (12023): Found entity 1: FP_Adder_32 File: D:/IIT BOMBAY/M.Tech Projects/Floating Point Arithmetic/Floating Point Adder/FP_Adder_32.v Line: 1
Info (12021): Found 1 design units, including 1 entities, in source file tb_fp_adder.v
    Info (12023): Found entity 1: Tb_FP_adder File: D:/IIT BOMBAY/M.Tech Projects/Floating Point Arithmetic/Floating Point Adder/Tb_FP_adder.v Line: 2
Info (12127): Elaborating entity "FP_Adder_32" for the top level hierarchy
Warning (10764): Verilog HDL warning at FP_Adder_32.v(89): converting signed shift amount to unsigned File: D:/IIT BOMBAY/M.Tech Projects/Floating Point Arithmetic/Floating Point Adder/FP_Adder_32.v Line: 89
Warning (10764): Verilog HDL warning at FP_Adder_32.v(90): converting signed shift amount to unsigned File: D:/IIT BOMBAY/M.Tech Projects/Floating Point Arithmetic/Floating Point Adder/FP_Adder_32.v Line: 90
Warning (10764): Verilog HDL warning at FP_Adder_32.v(92): converting signed shift amount to unsigned File: D:/IIT BOMBAY/M.Tech Projects/Floating Point Arithmetic/Floating Point Adder/FP_Adder_32.v Line: 92
Warning (10764): Verilog HDL warning at FP_Adder_32.v(93): converting signed shift amount to unsigned File: D:/IIT BOMBAY/M.Tech Projects/Floating Point Arithmetic/Floating Point Adder/FP_Adder_32.v Line: 93
Warning (10230): Verilog HDL assignment warning at FP_Adder_32.v(109): truncated value with size 32 to match size of target (9) File: D:/IIT BOMBAY/M.Tech Projects/Floating Point Arithmetic/Floating Point Adder/FP_Adder_32.v Line: 109
Warning (10230): Verilog HDL assignment warning at FP_Adder_32.v(122): truncated value with size 32 to match size of target (8) File: D:/IIT BOMBAY/M.Tech Projects/Floating Point Arithmetic/Floating Point Adder/FP_Adder_32.v Line: 122
Info (286030): Timing-Driven Synthesis is running
Info (17049): 4 registers lost all their fanouts during netlist optimizations.
Info (144001): Generated suppressed messages file D:/IIT BOMBAY/M.Tech Projects/Floating Point Arithmetic/Floating Point Adder/output_files/FP_Adder_32.map.smsg
Info (16010): Generating hard_block partition "hard_block:auto_generated_inst"
    Info (16011): Adding 0 node(s), including 0 DDIO, 0 PLL, 0 transceiver and 0 LCELL
Info (21057): Implemented 5605 device resources after synthesis - the final resource count might be different
    Info (21058): Implemented 66 input pins
    Info (21059): Implemented 33 output pins
    Info (21061): Implemented 5506 logic cells
Info: Quartus Prime Analysis & Synthesis was successful. 0 errors, 7 warnings
    Info: Peak virtual memory: 4963 megabytes
    Info: Processing ended: Sun Jul 24 23:30:45 2022
    Info: Elapsed time: 00:00:28
    Info: Total CPU time (on all processors): 00:00:41


+------------------------------------------+
; Analysis & Synthesis Suppressed Messages ;
+------------------------------------------+
The suppressed messages can be found in D:/IIT BOMBAY/M.Tech Projects/Floating Point Arithmetic/Floating Point Adder/output_files/FP_Adder_32.map.smsg.


