Analysis & Synthesis report for Proj_Cap_VSCPU
Mon Nov  1 20:01:35 2021
Quartus Prime Version 20.1.1 Build 720 11/11/2020 SJ Lite Edition


---------------------
; Table of Contents ;
---------------------
  1. Legal Notice
  2. Analysis & Synthesis Summary
  3. Analysis & Synthesis Settings
  4. Parallel Compilation
  5. Analysis & Synthesis Source Files Read
  6. Analysis & Synthesis Resource Usage Summary
  7. Analysis & Synthesis Resource Utilization by Entity
  8. State Machine - |vscpu|IR_ff
  9. State Machine - |vscpu|stvar_ff
 10. Registers Removed During Synthesis
 11. Removed Registers Triggering Further Register Optimizations
 12. General Register Statistics
 13. Multiplexer Restructuring Statistics (Restructuring Performed)
 14. Parameter Settings for User Entity Instance: Top-level Entity: |vscpu
 15. Post-Synthesis Netlist Statistics for Top Partition
 16. Elapsed Time Per Partition
 17. Analysis & Synthesis Messages



----------------
; Legal Notice ;
----------------
Copyright (C) 2020  Intel Corporation. All rights reserved.
Your use of Intel Corporation's design tools, logic functions 
and other software and tools, and any partner logic 
functions, and any output files from any of the foregoing 
(including device programming or simulation files), and any 
associated documentation or information are expressly subject 
to the terms and conditions of the Intel Program License 
Subscription Agreement, the Intel Quartus Prime License Agreement,
the Intel FPGA IP License Agreement, or other applicable license
agreement, including, without limitation, that your use is for
the sole purpose of programming logic devices manufactured by
Intel and sold by Intel or its authorized distributors.  Please
refer to the applicable agreement for further details, at
https://fpgasoftware.intel.com/eula.



+-------------------------------------------------------------------------------+
; Analysis & Synthesis Summary                                                  ;
+---------------------------------+---------------------------------------------+
; Analysis & Synthesis Status     ; Successful - Mon Nov  1 20:01:35 2021       ;
; Quartus Prime Version           ; 20.1.1 Build 720 11/11/2020 SJ Lite Edition ;
; Revision Name                   ; Proj_Cap_VSCPU                              ;
; Top-level Entity Name           ; vscpu                                       ;
; Family                          ; Cyclone V                                   ;
; Logic utilization (in ALMs)     ; N/A                                         ;
; Total registers                 ; 0                                           ;
; Total pins                      ; 19                                          ;
; Total virtual pins              ; 0                                           ;
; Total block memory bits         ; 0                                           ;
; Total DSP Blocks                ; 0                                           ;
; Total HSSI RX PCSs              ; 0                                           ;
; Total HSSI PMA RX Deserializers ; 0                                           ;
; Total HSSI TX PCSs              ; 0                                           ;
; Total HSSI PMA TX Serializers   ; 0                                           ;
; Total PLLs                      ; 0                                           ;
; Total DLLs                      ; 0                                           ;
+---------------------------------+---------------------------------------------+


+---------------------------------------------------------------------------------------------------------------------------+
; Analysis & Synthesis Settings                                                                                             ;
+---------------------------------------------------------------------------------+--------------------+--------------------+
; Option                                                                          ; Setting            ; Default Value      ;
+---------------------------------------------------------------------------------+--------------------+--------------------+
; Device                                                                          ; 5CGXFC7C7F23C8     ;                    ;
; Top-level entity name                                                           ; vscpu              ; Proj_Cap_VSCPU     ;
; Family name                                                                     ; Cyclone V          ; Cyclone V          ;
; Use smart compilation                                                           ; Off                ; Off                ;
; Enable parallel Assembler and Timing Analyzer during compilation                ; On                 ; On                 ;
; Enable compact report table                                                     ; Off                ; Off                ;
; Restructure Multiplexers                                                        ; Auto               ; Auto               ;
; MLAB Add Timing Constraints For Mixed-Port Feed-Through Mode Setting Don't Care ; Off                ; Off                ;
; Create Debugging Nodes for IP Cores                                             ; Off                ; Off                ;
; Preserve fewer node names                                                       ; On                 ; On                 ;
; Intel FPGA IP Evaluation Mode                                                   ; Enable             ; Enable             ;
; Verilog Version                                                                 ; Verilog_2001       ; Verilog_2001       ;
; VHDL Version                                                                    ; VHDL_1993          ; VHDL_1993          ;
; State Machine Processing                                                        ; Auto               ; Auto               ;
; Safe State Machine                                                              ; Off                ; Off                ;
; Extract Verilog State Machines                                                  ; On                 ; On                 ;
; Extract VHDL State Machines                                                     ; On                 ; On                 ;
; Ignore Verilog initial constructs                                               ; Off                ; Off                ;
; Iteration limit for constant Verilog loops                                      ; 5000               ; 5000               ;
; Iteration limit for non-constant Verilog loops                                  ; 250                ; 250                ;
; Add Pass-Through Logic to Inferred RAMs                                         ; On                 ; On                 ;
; Infer RAMs from Raw Logic                                                       ; On                 ; On                 ;
; Parallel Synthesis                                                              ; On                 ; On                 ;
; DSP Block Balancing                                                             ; Auto               ; Auto               ;
; NOT Gate Push-Back                                                              ; On                 ; On                 ;
; Power-Up Don't Care                                                             ; On                 ; On                 ;
; Remove Redundant Logic Cells                                                    ; Off                ; Off                ;
; Remove Duplicate Registers                                                      ; On                 ; On                 ;
; Ignore CARRY Buffers                                                            ; Off                ; Off                ;
; Ignore CASCADE Buffers                                                          ; Off                ; Off                ;
; Ignore GLOBAL Buffers                                                           ; Off                ; Off                ;
; Ignore ROW GLOBAL Buffers                                                       ; Off                ; Off                ;
; Ignore LCELL Buffers                                                            ; Off                ; Off                ;
; Ignore SOFT Buffers                                                             ; On                 ; On                 ;
; Limit AHDL Integers to 32 Bits                                                  ; Off                ; Off                ;
; Optimization Technique                                                          ; Balanced           ; Balanced           ;
; Carry Chain Length                                                              ; 70                 ; 70                 ;
; Auto Carry Chains                                                               ; On                 ; On                 ;
; Auto Open-Drain Pins                                                            ; On                 ; On                 ;
; Perform WYSIWYG Primitive Resynthesis                                           ; Off                ; Off                ;
; Auto ROM Replacement                                                            ; On                 ; On                 ;
; Auto RAM Replacement                                                            ; On                 ; On                 ;
; Auto DSP Block Replacement                                                      ; On                 ; On                 ;
; Auto Shift Register Replacement                                                 ; Auto               ; Auto               ;
; Allow Shift Register Merging across Hierarchies                                 ; Auto               ; Auto               ;
; Auto Clock Enable Replacement                                                   ; On                 ; On                 ;
; Strict RAM Replacement                                                          ; Off                ; Off                ;
; Allow Synchronous Control Signals                                               ; On                 ; On                 ;
; Force Use of Synchronous Clear Signals                                          ; Off                ; Off                ;
; Auto Resource Sharing                                                           ; Off                ; Off                ;
; Allow Any RAM Size For Recognition                                              ; Off                ; Off                ;
; Allow Any ROM Size For Recognition                                              ; Off                ; Off                ;
; Allow Any Shift Register Size For Recognition                                   ; Off                ; Off                ;
; Use LogicLock Constraints during Resource Balancing                             ; On                 ; On                 ;
; Ignore translate_off and synthesis_off directives                               ; Off                ; Off                ;
; Timing-Driven Synthesis                                                         ; On                 ; On                 ;
; Report Parameter Settings                                                       ; On                 ; On                 ;
; Report Source Assignments                                                       ; On                 ; On                 ;
; Report Connectivity Checks                                                      ; On                 ; On                 ;
; Ignore Maximum Fan-Out Assignments                                              ; Off                ; Off                ;
; Synchronization Register Chain Length                                           ; 3                  ; 3                  ;
; Power Optimization During Synthesis                                             ; Normal compilation ; Normal compilation ;
; HDL message level                                                               ; Level2             ; Level2             ;
; Suppress Register Optimization Related Messages                                 ; Off                ; Off                ;
; Number of Removed Registers Reported in Synthesis Report                        ; 5000               ; 5000               ;
; Number of Swept Nodes Reported in Synthesis Report                              ; 5000               ; 5000               ;
; Number of Inverted Registers Reported in Synthesis Report                       ; 100                ; 100                ;
; Clock MUX Protection                                                            ; On                 ; On                 ;
; Auto Gated Clock Conversion                                                     ; Off                ; Off                ;
; Block Design Naming                                                             ; Auto               ; Auto               ;
; SDC constraint protection                                                       ; Off                ; Off                ;
; Synthesis Effort                                                                ; Auto               ; Auto               ;
; Shift Register Replacement - Allow Asynchronous Clear Signal                    ; On                 ; On                 ;
; Pre-Mapping Resynthesis Optimization                                            ; Off                ; Off                ;
; Analysis & Synthesis Message Level                                              ; Medium             ; Medium             ;
; Disable Register Merging Across Hierarchies                                     ; Auto               ; Auto               ;
; Resource Aware Inference For Block RAM                                          ; On                 ; On                 ;
; Automatic Parallel Synthesis                                                    ; On                 ; On                 ;
; Partial Reconfiguration Bitstream ID                                            ; Off                ; Off                ;
+---------------------------------------------------------------------------------+--------------------+--------------------+


+------------------------------------------+
; Parallel Compilation                     ;
+----------------------------+-------------+
; Processors                 ; Number      ;
+----------------------------+-------------+
; Number detected on machine ; 4           ;
; Maximum allowed            ; 2           ;
;                            ;             ;
; Average used               ; 1.00        ;
; Maximum used               ; 1           ;
;                            ;             ;
; Usage by Processor         ; % Time Used ;
;     Processor 1            ; 100.0%      ;
+----------------------------+-------------+


+-------------------------------------------------------------------------------------------------------------------------------------------+
; Analysis & Synthesis Source Files Read                                                                                                    ;
+----------------------------------+-----------------+-----------------+----------------------------------------------------------+---------+
; File Name with User-Entered Path ; Used in Netlist ; File Type       ; File Name with Absolute Path                             ; Library ;
+----------------------------------+-----------------+-----------------+----------------------------------------------------------+---------+
; vscpu.vhd                        ; yes             ; User VHDL File  ; /home/parrot1/Downloads/Sem3/EE721/ProjCap_721/vscpu.vhd ;         ;
+----------------------------------+-----------------+-----------------+----------------------------------------------------------+---------+


+-------------------------------------------------------------+
; Analysis & Synthesis Resource Usage Summary                 ;
+---------------------------------------------+---------------+
; Resource                                    ; Usage         ;
+---------------------------------------------+---------------+
; Estimate of Logic utilization (ALMs needed) ; 0             ;
;                                             ;               ;
; Combinational ALUT usage for logic          ; 0             ;
;     -- 7 input functions                    ; 0             ;
;     -- 6 input functions                    ; 0             ;
;     -- 5 input functions                    ; 0             ;
;     -- 4 input functions                    ; 0             ;
;     -- <=3 input functions                  ; 0             ;
;                                             ;               ;
; Dedicated logic registers                   ; 0             ;
;                                             ;               ;
; I/O pins                                    ; 19            ;
;                                             ;               ;
; Total DSP Blocks                            ; 0             ;
;                                             ;               ;
; Maximum fan-out node                        ; status~output ;
; Maximum fan-out                             ; 1             ;
; Total fan-out                               ; 19            ;
; Average fan-out                             ; 0.50          ;
+---------------------------------------------+---------------+


+----------------------------------------------------------------------------------------------------------------------------------------------------------------------------------------+
; Analysis & Synthesis Resource Utilization by Entity                                                                                                                                    ;
+----------------------------+---------------------+---------------------------+-------------------+------------+------+--------------+---------------------+-------------+--------------+
; Compilation Hierarchy Node ; Combinational ALUTs ; Dedicated Logic Registers ; Block Memory Bits ; DSP Blocks ; Pins ; Virtual Pins ; Full Hierarchy Name ; Entity Name ; Library Name ;
+----------------------------+---------------------+---------------------------+-------------------+------------+------+--------------+---------------------+-------------+--------------+
; |vscpu                     ; 0 (0)               ; 0 (0)                     ; 0                 ; 0          ; 19   ; 0            ; |vscpu              ; vscpu       ; work         ;
+----------------------------+---------------------+---------------------------+-------------------+------------+------+--------------+---------------------+-------------+--------------+
Note: For table entries with two numbers listed, the numbers in parentheses indicate the number of resources of the given type used by the specific entity alone. The numbers listed outside of parentheses indicate the total resources of the given type used by the specific entity and all of its sub-entities in the hierarchy.


Encoding Type:  One-Hot
+-----------------------------------------------------------------------------------------+
; State Machine - |vscpu|IR_ff                                                            ;
+-----------------+-----------------+-----------------+-----------------+-----------------+
; Name            ; IR_ff.INSTR_inc ; IR_ff.INSTR_jmp ; IR_ff.INSTR_and ; IR_ff.INSTR_add ;
+-----------------+-----------------+-----------------+-----------------+-----------------+
; IR_ff.INSTR_add ; 0               ; 0               ; 0               ; 0               ;
; IR_ff.INSTR_and ; 0               ; 0               ; 1               ; 1               ;
; IR_ff.INSTR_jmp ; 0               ; 1               ; 0               ; 1               ;
; IR_ff.INSTR_inc ; 1               ; 0               ; 0               ; 1               ;
+-----------------+-----------------+-----------------+-----------------+-----------------+


Encoding Type:  One-Hot
+------------------------------------------------------------------------------------------------------------------------------------------------------------------------------------------------------------------------+
; State Machine - |vscpu|stvar_ff                                                                                                                                                                                        ;
+--------------------+--------------------+------------------+------------------+------------------+------------------+------------------+------------------+--------------------+--------------------+------------------+
; Name               ; stvar_ff.ST_FETCH1 ; stvar_ff.ST_INC1 ; stvar_ff.ST_JMP1 ; stvar_ff.ST_AND2 ; stvar_ff.ST_AND1 ; stvar_ff.ST_ADD2 ; stvar_ff.ST_ADD1 ; stvar_ff.ST_FETCH3 ; stvar_ff.ST_FETCH2 ; stvar_ff.ST_HALT ;
+--------------------+--------------------+------------------+------------------+------------------+------------------+------------------+------------------+--------------------+--------------------+------------------+
; stvar_ff.ST_HALT   ; 0                  ; 0                ; 0                ; 0                ; 0                ; 0                ; 0                ; 0                  ; 0                  ; 0                ;
; stvar_ff.ST_FETCH2 ; 0                  ; 0                ; 0                ; 0                ; 0                ; 0                ; 0                ; 0                  ; 1                  ; 1                ;
; stvar_ff.ST_FETCH3 ; 0                  ; 0                ; 0                ; 0                ; 0                ; 0                ; 0                ; 1                  ; 0                  ; 1                ;
; stvar_ff.ST_ADD1   ; 0                  ; 0                ; 0                ; 0                ; 0                ; 0                ; 1                ; 0                  ; 0                  ; 1                ;
; stvar_ff.ST_ADD2   ; 0                  ; 0                ; 0                ; 0                ; 0                ; 1                ; 0                ; 0                  ; 0                  ; 1                ;
; stvar_ff.ST_AND1   ; 0                  ; 0                ; 0                ; 0                ; 1                ; 0                ; 0                ; 0                  ; 0                  ; 1                ;
; stvar_ff.ST_AND2   ; 0                  ; 0                ; 0                ; 1                ; 0                ; 0                ; 0                ; 0                  ; 0                  ; 1                ;
; stvar_ff.ST_JMP1   ; 0                  ; 0                ; 1                ; 0                ; 0                ; 0                ; 0                ; 0                  ; 0                  ; 1                ;
; stvar_ff.ST_INC1   ; 0                  ; 1                ; 0                ; 0                ; 0                ; 0                ; 0                ; 0                  ; 0                  ; 1                ;
; stvar_ff.ST_FETCH1 ; 1                  ; 0                ; 0                ; 0                ; 0                ; 0                ; 0                ; 0                  ; 0                  ; 1                ;
+--------------------+--------------------+------------------+------------------+------------------+------------------+------------------+------------------+--------------------+--------------------+------------------+


+--------------------------------------------------------------+
; Registers Removed During Synthesis                           ;
+-----------------------------------------+--------------------+
; Register name                           ; Reason for Removal ;
+-----------------------------------------+--------------------+
; AR_ff[4,5]                              ; Lost fanout        ;
; DR_ff[6]                                ; Lost fanout        ;
; AR_ff[0..3]                             ; Lost fanout        ;
; mem[32][6]                              ; Lost fanout        ;
; mem[33][6]                              ; Lost fanout        ;
; mem[34][6]                              ; Lost fanout        ;
; mem[35][6]                              ; Lost fanout        ;
; mem[36][6]                              ; Lost fanout        ;
; mem[37][6]                              ; Lost fanout        ;
; mem[38][6]                              ; Lost fanout        ;
; mem[39][6]                              ; Lost fanout        ;
; mem[40][6]                              ; Lost fanout        ;
; mem[41][6]                              ; Lost fanout        ;
; mem[42][6]                              ; Lost fanout        ;
; mem[43][6]                              ; Lost fanout        ;
; mem[44][6]                              ; Lost fanout        ;
; mem[45][6]                              ; Lost fanout        ;
; mem[46][6]                              ; Lost fanout        ;
; mem[47][6]                              ; Lost fanout        ;
; mem[56][6]                              ; Lost fanout        ;
; mem[57][6]                              ; Lost fanout        ;
; mem[58][6]                              ; Lost fanout        ;
; mem[59][6]                              ; Lost fanout        ;
; mem[62][6]                              ; Lost fanout        ;
; mem[60][6]                              ; Lost fanout        ;
; mem[61][6]                              ; Lost fanout        ;
; mem[48][6]                              ; Lost fanout        ;
; mem[49][6]                              ; Lost fanout        ;
; mem[50][6]                              ; Lost fanout        ;
; mem[51][6]                              ; Lost fanout        ;
; mem[52][6]                              ; Lost fanout        ;
; mem[53][6]                              ; Lost fanout        ;
; mem[54][6]                              ; Lost fanout        ;
; mem[55][6]                              ; Lost fanout        ;
; mem[0][6]                               ; Lost fanout        ;
; mem[1][6]                               ; Lost fanout        ;
; mem[2][6]                               ; Lost fanout        ;
; mem[3][6]                               ; Lost fanout        ;
; mem[4][6]                               ; Lost fanout        ;
; mem[5][6]                               ; Lost fanout        ;
; mem[6][6]                               ; Lost fanout        ;
; mem[7][6]                               ; Lost fanout        ;
; mem[8][6]                               ; Lost fanout        ;
; mem[9][6]                               ; Lost fanout        ;
; mem[10][6]                              ; Lost fanout        ;
; mem[11][6]                              ; Lost fanout        ;
; mem[12][6]                              ; Lost fanout        ;
; mem[13][6]                              ; Lost fanout        ;
; mem[14][6]                              ; Lost fanout        ;
; mem[15][6]                              ; Lost fanout        ;
; mem[16][6]                              ; Lost fanout        ;
; mem[17][6]                              ; Lost fanout        ;
; mem[18][6]                              ; Lost fanout        ;
; mem[19][6]                              ; Lost fanout        ;
; mem[20][6]                              ; Lost fanout        ;
; mem[21][6]                              ; Lost fanout        ;
; mem[22][6]                              ; Lost fanout        ;
; mem[23][6]                              ; Lost fanout        ;
; mem[24][6]                              ; Lost fanout        ;
; mem[25][6]                              ; Lost fanout        ;
; mem[26][6]                              ; Lost fanout        ;
; mem[27][6]                              ; Lost fanout        ;
; mem[28][6]                              ; Lost fanout        ;
; mem[29][6]                              ; Lost fanout        ;
; mem[30][6]                              ; Lost fanout        ;
; mem[31][6]                              ; Lost fanout        ;
; DR_ff[7]                                ; Lost fanout        ;
; mem[32][7]                              ; Lost fanout        ;
; mem[33][7]                              ; Lost fanout        ;
; mem[34][7]                              ; Lost fanout        ;
; mem[35][7]                              ; Lost fanout        ;
; mem[36][7]                              ; Lost fanout        ;
; mem[37][7]                              ; Lost fanout        ;
; mem[38][7]                              ; Lost fanout        ;
; mem[39][7]                              ; Lost fanout        ;
; mem[40][7]                              ; Lost fanout        ;
; mem[41][7]                              ; Lost fanout        ;
; mem[42][7]                              ; Lost fanout        ;
; mem[43][7]                              ; Lost fanout        ;
; mem[44][7]                              ; Lost fanout        ;
; mem[45][7]                              ; Lost fanout        ;
; mem[46][7]                              ; Lost fanout        ;
; mem[47][7]                              ; Lost fanout        ;
; mem[56][7]                              ; Lost fanout        ;
; mem[57][7]                              ; Lost fanout        ;
; mem[58][7]                              ; Lost fanout        ;
; mem[59][7]                              ; Lost fanout        ;
; mem[62][7]                              ; Lost fanout        ;
; mem[60][7]                              ; Lost fanout        ;
; mem[61][7]                              ; Lost fanout        ;
; mem[48][7]                              ; Lost fanout        ;
; mem[49][7]                              ; Lost fanout        ;
; mem[50][7]                              ; Lost fanout        ;
; mem[51][7]                              ; Lost fanout        ;
; mem[52][7]                              ; Lost fanout        ;
; mem[53][7]                              ; Lost fanout        ;
; mem[54][7]                              ; Lost fanout        ;
; mem[55][7]                              ; Lost fanout        ;
; mem[0][7]                               ; Lost fanout        ;
; mem[1][7]                               ; Lost fanout        ;
; mem[2][7]                               ; Lost fanout        ;
; mem[3][7]                               ; Lost fanout        ;
; mem[4][7]                               ; Lost fanout        ;
; mem[5][7]                               ; Lost fanout        ;
; mem[6][7]                               ; Lost fanout        ;
; mem[7][7]                               ; Lost fanout        ;
; mem[8][7]                               ; Lost fanout        ;
; mem[9][7]                               ; Lost fanout        ;
; mem[10][7]                              ; Lost fanout        ;
; mem[11][7]                              ; Lost fanout        ;
; mem[12][7]                              ; Lost fanout        ;
; mem[13][7]                              ; Lost fanout        ;
; mem[14][7]                              ; Lost fanout        ;
; mem[15][7]                              ; Lost fanout        ;
; mem[16][7]                              ; Lost fanout        ;
; mem[17][7]                              ; Lost fanout        ;
; mem[18][7]                              ; Lost fanout        ;
; mem[19][7]                              ; Lost fanout        ;
; mem[20][7]                              ; Lost fanout        ;
; mem[21][7]                              ; Lost fanout        ;
; mem[22][7]                              ; Lost fanout        ;
; mem[23][7]                              ; Lost fanout        ;
; mem[24][7]                              ; Lost fanout        ;
; mem[25][7]                              ; Lost fanout        ;
; mem[26][7]                              ; Lost fanout        ;
; mem[27][7]                              ; Lost fanout        ;
; mem[28][7]                              ; Lost fanout        ;
; mem[29][7]                              ; Lost fanout        ;
; mem[30][7]                              ; Lost fanout        ;
; mem[31][7]                              ; Lost fanout        ;
; PC_ff[4]                                ; Lost fanout        ;
; DR_ff[4]                                ; Lost fanout        ;
; mem[32][4]                              ; Lost fanout        ;
; mem[33][4]                              ; Lost fanout        ;
; mem[34][4]                              ; Lost fanout        ;
; mem[35][4]                              ; Lost fanout        ;
; mem[36][4]                              ; Lost fanout        ;
; mem[37][4]                              ; Lost fanout        ;
; mem[38][4]                              ; Lost fanout        ;
; mem[39][4]                              ; Lost fanout        ;
; mem[40][4]                              ; Lost fanout        ;
; mem[41][4]                              ; Lost fanout        ;
; mem[42][4]                              ; Lost fanout        ;
; mem[43][4]                              ; Lost fanout        ;
; mem[44][4]                              ; Lost fanout        ;
; mem[45][4]                              ; Lost fanout        ;
; mem[46][4]                              ; Lost fanout        ;
; mem[47][4]                              ; Lost fanout        ;
; mem[56][4]                              ; Lost fanout        ;
; mem[57][4]                              ; Lost fanout        ;
; mem[58][4]                              ; Lost fanout        ;
; mem[59][4]                              ; Lost fanout        ;
; mem[62][4]                              ; Lost fanout        ;
; mem[60][4]                              ; Lost fanout        ;
; mem[61][4]                              ; Lost fanout        ;
; mem[48][4]                              ; Lost fanout        ;
; mem[49][4]                              ; Lost fanout        ;
; mem[50][4]                              ; Lost fanout        ;
; mem[51][4]                              ; Lost fanout        ;
; mem[52][4]                              ; Lost fanout        ;
; mem[53][4]                              ; Lost fanout        ;
; mem[54][4]                              ; Lost fanout        ;
; mem[55][4]                              ; Lost fanout        ;
; mem[0][4]                               ; Lost fanout        ;
; mem[1][4]                               ; Lost fanout        ;
; mem[2][4]                               ; Lost fanout        ;
; mem[3][4]                               ; Lost fanout        ;
; mem[4][4]                               ; Lost fanout        ;
; mem[5][4]                               ; Lost fanout        ;
; mem[6][4]                               ; Lost fanout        ;
; mem[7][4]                               ; Lost fanout        ;
; mem[8][4]                               ; Lost fanout        ;
; mem[9][4]                               ; Lost fanout        ;
; mem[10][4]                              ; Lost fanout        ;
; mem[11][4]                              ; Lost fanout        ;
; mem[12][4]                              ; Lost fanout        ;
; mem[13][4]                              ; Lost fanout        ;
; mem[14][4]                              ; Lost fanout        ;
; mem[15][4]                              ; Lost fanout        ;
; mem[16][4]                              ; Lost fanout        ;
; mem[17][4]                              ; Lost fanout        ;
; mem[18][4]                              ; Lost fanout        ;
; mem[19][4]                              ; Lost fanout        ;
; mem[20][4]                              ; Lost fanout        ;
; mem[21][4]                              ; Lost fanout        ;
; mem[22][4]                              ; Lost fanout        ;
; mem[23][4]                              ; Lost fanout        ;
; mem[24][4]                              ; Lost fanout        ;
; mem[25][4]                              ; Lost fanout        ;
; mem[26][4]                              ; Lost fanout        ;
; mem[27][4]                              ; Lost fanout        ;
; mem[28][4]                              ; Lost fanout        ;
; mem[29][4]                              ; Lost fanout        ;
; mem[30][4]                              ; Lost fanout        ;
; mem[31][4]                              ; Lost fanout        ;
; PC_ff[5]                                ; Lost fanout        ;
; DR_ff[5]                                ; Lost fanout        ;
; mem[32][5]                              ; Lost fanout        ;
; mem[33][5]                              ; Lost fanout        ;
; mem[34][5]                              ; Lost fanout        ;
; mem[35][5]                              ; Lost fanout        ;
; mem[36][5]                              ; Lost fanout        ;
; mem[37][5]                              ; Lost fanout        ;
; mem[38][5]                              ; Lost fanout        ;
; mem[39][5]                              ; Lost fanout        ;
; mem[40][5]                              ; Lost fanout        ;
; mem[41][5]                              ; Lost fanout        ;
; mem[42][5]                              ; Lost fanout        ;
; mem[43][5]                              ; Lost fanout        ;
; mem[44][5]                              ; Lost fanout        ;
; mem[45][5]                              ; Lost fanout        ;
; mem[46][5]                              ; Lost fanout        ;
; mem[47][5]                              ; Lost fanout        ;
; mem[56][5]                              ; Lost fanout        ;
; mem[57][5]                              ; Lost fanout        ;
; mem[58][5]                              ; Lost fanout        ;
; mem[59][5]                              ; Lost fanout        ;
; mem[62][5]                              ; Lost fanout        ;
; mem[60][5]                              ; Lost fanout        ;
; mem[61][5]                              ; Lost fanout        ;
; mem[48][5]                              ; Lost fanout        ;
; mem[49][5]                              ; Lost fanout        ;
; mem[50][5]                              ; Lost fanout        ;
; mem[51][5]                              ; Lost fanout        ;
; mem[52][5]                              ; Lost fanout        ;
; mem[53][5]                              ; Lost fanout        ;
; mem[54][5]                              ; Lost fanout        ;
; mem[55][5]                              ; Lost fanout        ;
; mem[0][5]                               ; Lost fanout        ;
; mem[1][5]                               ; Lost fanout        ;
; mem[2][5]                               ; Lost fanout        ;
; mem[3][5]                               ; Lost fanout        ;
; mem[4][5]                               ; Lost fanout        ;
; mem[5][5]                               ; Lost fanout        ;
; mem[6][5]                               ; Lost fanout        ;
; mem[7][5]                               ; Lost fanout        ;
; mem[8][5]                               ; Lost fanout        ;
; mem[9][5]                               ; Lost fanout        ;
; mem[10][5]                              ; Lost fanout        ;
; mem[11][5]                              ; Lost fanout        ;
; mem[12][5]                              ; Lost fanout        ;
; mem[13][5]                              ; Lost fanout        ;
; mem[14][5]                              ; Lost fanout        ;
; mem[15][5]                              ; Lost fanout        ;
; mem[16][5]                              ; Lost fanout        ;
; mem[17][5]                              ; Lost fanout        ;
; mem[18][5]                              ; Lost fanout        ;
; mem[19][5]                              ; Lost fanout        ;
; mem[20][5]                              ; Lost fanout        ;
; mem[21][5]                              ; Lost fanout        ;
; mem[22][5]                              ; Lost fanout        ;
; mem[23][5]                              ; Lost fanout        ;
; mem[24][5]                              ; Lost fanout        ;
; mem[25][5]                              ; Lost fanout        ;
; mem[26][5]                              ; Lost fanout        ;
; mem[27][5]                              ; Lost fanout        ;
; mem[28][5]                              ; Lost fanout        ;
; mem[29][5]                              ; Lost fanout        ;
; mem[30][5]                              ; Lost fanout        ;
; mem[31][5]                              ; Lost fanout        ;
; PC_ff[2]                                ; Lost fanout        ;
; DR_ff[2]                                ; Lost fanout        ;
; mem[32][2]                              ; Lost fanout        ;
; mem[33][2]                              ; Lost fanout        ;
; mem[34][2]                              ; Lost fanout        ;
; mem[35][2]                              ; Lost fanout        ;
; mem[36][2]                              ; Lost fanout        ;
; mem[37][2]                              ; Lost fanout        ;
; mem[38][2]                              ; Lost fanout        ;
; mem[39][2]                              ; Lost fanout        ;
; mem[40][2]                              ; Lost fanout        ;
; mem[41][2]                              ; Lost fanout        ;
; mem[42][2]                              ; Lost fanout        ;
; mem[43][2]                              ; Lost fanout        ;
; mem[44][2]                              ; Lost fanout        ;
; mem[45][2]                              ; Lost fanout        ;
; mem[46][2]                              ; Lost fanout        ;
; mem[47][2]                              ; Lost fanout        ;
; mem[56][2]                              ; Lost fanout        ;
; mem[57][2]                              ; Lost fanout        ;
; mem[58][2]                              ; Lost fanout        ;
; mem[59][2]                              ; Lost fanout        ;
; mem[62][2]                              ; Lost fanout        ;
; mem[60][2]                              ; Lost fanout        ;
; mem[61][2]                              ; Lost fanout        ;
; mem[48][2]                              ; Lost fanout        ;
; mem[49][2]                              ; Lost fanout        ;
; mem[50][2]                              ; Lost fanout        ;
; mem[51][2]                              ; Lost fanout        ;
; mem[52][2]                              ; Lost fanout        ;
; mem[53][2]                              ; Lost fanout        ;
; mem[54][2]                              ; Lost fanout        ;
; mem[55][2]                              ; Lost fanout        ;
; mem[0][2]                               ; Lost fanout        ;
; mem[1][2]                               ; Lost fanout        ;
; mem[2][2]                               ; Lost fanout        ;
; mem[3][2]                               ; Lost fanout        ;
; mem[4][2]                               ; Lost fanout        ;
; mem[5][2]                               ; Lost fanout        ;
; mem[6][2]                               ; Lost fanout        ;
; mem[7][2]                               ; Lost fanout        ;
; mem[8][2]                               ; Lost fanout        ;
; mem[9][2]                               ; Lost fanout        ;
; mem[10][2]                              ; Lost fanout        ;
; mem[11][2]                              ; Lost fanout        ;
; mem[12][2]                              ; Lost fanout        ;
; mem[13][2]                              ; Lost fanout        ;
; mem[14][2]                              ; Lost fanout        ;
; mem[15][2]                              ; Lost fanout        ;
; mem[16][2]                              ; Lost fanout        ;
; mem[17][2]                              ; Lost fanout        ;
; mem[18][2]                              ; Lost fanout        ;
; mem[19][2]                              ; Lost fanout        ;
; mem[20][2]                              ; Lost fanout        ;
; mem[21][2]                              ; Lost fanout        ;
; mem[22][2]                              ; Lost fanout        ;
; mem[23][2]                              ; Lost fanout        ;
; mem[24][2]                              ; Lost fanout        ;
; mem[25][2]                              ; Lost fanout        ;
; mem[26][2]                              ; Lost fanout        ;
; mem[27][2]                              ; Lost fanout        ;
; mem[28][2]                              ; Lost fanout        ;
; mem[29][2]                              ; Lost fanout        ;
; mem[30][2]                              ; Lost fanout        ;
; mem[31][2]                              ; Lost fanout        ;
; PC_ff[3]                                ; Lost fanout        ;
; DR_ff[3]                                ; Lost fanout        ;
; mem[32][3]                              ; Lost fanout        ;
; mem[33][3]                              ; Lost fanout        ;
; mem[34][3]                              ; Lost fanout        ;
; mem[35][3]                              ; Lost fanout        ;
; mem[36][3]                              ; Lost fanout        ;
; mem[37][3]                              ; Lost fanout        ;
; mem[38][3]                              ; Lost fanout        ;
; mem[39][3]                              ; Lost fanout        ;
; mem[40][3]                              ; Lost fanout        ;
; mem[41][3]                              ; Lost fanout        ;
; mem[42][3]                              ; Lost fanout        ;
; mem[43][3]                              ; Lost fanout        ;
; mem[44][3]                              ; Lost fanout        ;
; mem[45][3]                              ; Lost fanout        ;
; mem[46][3]                              ; Lost fanout        ;
; mem[47][3]                              ; Lost fanout        ;
; mem[56][3]                              ; Lost fanout        ;
; mem[57][3]                              ; Lost fanout        ;
; mem[58][3]                              ; Lost fanout        ;
; mem[59][3]                              ; Lost fanout        ;
; mem[62][3]                              ; Lost fanout        ;
; mem[60][3]                              ; Lost fanout        ;
; mem[61][3]                              ; Lost fanout        ;
; mem[48][3]                              ; Lost fanout        ;
; mem[49][3]                              ; Lost fanout        ;
; mem[50][3]                              ; Lost fanout        ;
; mem[51][3]                              ; Lost fanout        ;
; mem[52][3]                              ; Lost fanout        ;
; mem[53][3]                              ; Lost fanout        ;
; mem[54][3]                              ; Lost fanout        ;
; mem[55][3]                              ; Lost fanout        ;
; mem[0][3]                               ; Lost fanout        ;
; mem[1][3]                               ; Lost fanout        ;
; mem[2][3]                               ; Lost fanout        ;
; mem[3][3]                               ; Lost fanout        ;
; mem[4][3]                               ; Lost fanout        ;
; mem[5][3]                               ; Lost fanout        ;
; mem[6][3]                               ; Lost fanout        ;
; mem[7][3]                               ; Lost fanout        ;
; mem[8][3]                               ; Lost fanout        ;
; mem[9][3]                               ; Lost fanout        ;
; mem[10][3]                              ; Lost fanout        ;
; mem[11][3]                              ; Lost fanout        ;
; mem[12][3]                              ; Lost fanout        ;
; mem[13][3]                              ; Lost fanout        ;
; mem[14][3]                              ; Lost fanout        ;
; mem[15][3]                              ; Lost fanout        ;
; mem[16][3]                              ; Lost fanout        ;
; mem[17][3]                              ; Lost fanout        ;
; mem[18][3]                              ; Lost fanout        ;
; mem[19][3]                              ; Lost fanout        ;
; mem[20][3]                              ; Lost fanout        ;
; mem[21][3]                              ; Lost fanout        ;
; mem[22][3]                              ; Lost fanout        ;
; mem[23][3]                              ; Lost fanout        ;
; mem[24][3]                              ; Lost fanout        ;
; mem[25][3]                              ; Lost fanout        ;
; mem[26][3]                              ; Lost fanout        ;
; mem[27][3]                              ; Lost fanout        ;
; mem[28][3]                              ; Lost fanout        ;
; mem[29][3]                              ; Lost fanout        ;
; mem[30][3]                              ; Lost fanout        ;
; mem[31][3]                              ; Lost fanout        ;
; PC_ff[0]                                ; Lost fanout        ;
; DR_ff[0]                                ; Lost fanout        ;
; mem[32][0]                              ; Lost fanout        ;
; mem[33][0]                              ; Lost fanout        ;
; mem[34][0]                              ; Lost fanout        ;
; mem[35][0]                              ; Lost fanout        ;
; mem[36][0]                              ; Lost fanout        ;
; mem[37][0]                              ; Lost fanout        ;
; mem[38][0]                              ; Lost fanout        ;
; mem[39][0]                              ; Lost fanout        ;
; mem[40][0]                              ; Lost fanout        ;
; mem[41][0]                              ; Lost fanout        ;
; mem[42][0]                              ; Lost fanout        ;
; mem[43][0]                              ; Lost fanout        ;
; mem[44][0]                              ; Lost fanout        ;
; mem[45][0]                              ; Lost fanout        ;
; mem[46][0]                              ; Lost fanout        ;
; mem[47][0]                              ; Lost fanout        ;
; mem[56][0]                              ; Lost fanout        ;
; mem[57][0]                              ; Lost fanout        ;
; mem[58][0]                              ; Lost fanout        ;
; mem[59][0]                              ; Lost fanout        ;
; mem[62][0]                              ; Lost fanout        ;
; mem[60][0]                              ; Lost fanout        ;
; mem[61][0]                              ; Lost fanout        ;
; mem[48][0]                              ; Lost fanout        ;
; mem[49][0]                              ; Lost fanout        ;
; mem[50][0]                              ; Lost fanout        ;
; mem[51][0]                              ; Lost fanout        ;
; mem[52][0]                              ; Lost fanout        ;
; mem[53][0]                              ; Lost fanout        ;
; mem[54][0]                              ; Lost fanout        ;
; mem[55][0]                              ; Lost fanout        ;
; mem[0][0]                               ; Lost fanout        ;
; mem[1][0]                               ; Lost fanout        ;
; mem[2][0]                               ; Lost fanout        ;
; mem[3][0]                               ; Lost fanout        ;
; mem[4][0]                               ; Lost fanout        ;
; mem[5][0]                               ; Lost fanout        ;
; mem[6][0]                               ; Lost fanout        ;
; mem[7][0]                               ; Lost fanout        ;
; mem[8][0]                               ; Lost fanout        ;
; mem[9][0]                               ; Lost fanout        ;
; mem[10][0]                              ; Lost fanout        ;
; mem[11][0]                              ; Lost fanout        ;
; mem[12][0]                              ; Lost fanout        ;
; mem[13][0]                              ; Lost fanout        ;
; mem[14][0]                              ; Lost fanout        ;
; mem[15][0]                              ; Lost fanout        ;
; mem[16][0]                              ; Lost fanout        ;
; mem[17][0]                              ; Lost fanout        ;
; mem[18][0]                              ; Lost fanout        ;
; mem[19][0]                              ; Lost fanout        ;
; mem[20][0]                              ; Lost fanout        ;
; mem[21][0]                              ; Lost fanout        ;
; mem[22][0]                              ; Lost fanout        ;
; mem[23][0]                              ; Lost fanout        ;
; mem[24][0]                              ; Lost fanout        ;
; mem[25][0]                              ; Lost fanout        ;
; mem[26][0]                              ; Lost fanout        ;
; mem[27][0]                              ; Lost fanout        ;
; mem[28][0]                              ; Lost fanout        ;
; mem[29][0]                              ; Lost fanout        ;
; mem[30][0]                              ; Lost fanout        ;
; mem[31][0]                              ; Lost fanout        ;
; PC_ff[1]                                ; Lost fanout        ;
; DR_ff[1]                                ; Lost fanout        ;
; mem[32][1]                              ; Lost fanout        ;
; mem[33][1]                              ; Lost fanout        ;
; mem[34][1]                              ; Lost fanout        ;
; mem[35][1]                              ; Lost fanout        ;
; mem[36][1]                              ; Lost fanout        ;
; mem[37][1]                              ; Lost fanout        ;
; mem[38][1]                              ; Lost fanout        ;
; mem[39][1]                              ; Lost fanout        ;
; mem[40][1]                              ; Lost fanout        ;
; mem[41][1]                              ; Lost fanout        ;
; mem[42][1]                              ; Lost fanout        ;
; mem[43][1]                              ; Lost fanout        ;
; mem[44][1]                              ; Lost fanout        ;
; mem[45][1]                              ; Lost fanout        ;
; mem[46][1]                              ; Lost fanout        ;
; mem[47][1]                              ; Lost fanout        ;
; mem[56][1]                              ; Lost fanout        ;
; mem[57][1]                              ; Lost fanout        ;
; mem[58][1]                              ; Lost fanout        ;
; mem[59][1]                              ; Lost fanout        ;
; mem[62][1]                              ; Lost fanout        ;
; mem[60][1]                              ; Lost fanout        ;
; mem[61][1]                              ; Lost fanout        ;
; mem[48][1]                              ; Lost fanout        ;
; mem[49][1]                              ; Lost fanout        ;
; mem[50][1]                              ; Lost fanout        ;
; mem[51][1]                              ; Lost fanout        ;
; mem[52][1]                              ; Lost fanout        ;
; mem[53][1]                              ; Lost fanout        ;
; mem[54][1]                              ; Lost fanout        ;
; mem[55][1]                              ; Lost fanout        ;
; mem[0][1]                               ; Lost fanout        ;
; mem[1][1]                               ; Lost fanout        ;
; mem[2][1]                               ; Lost fanout        ;
; mem[3][1]                               ; Lost fanout        ;
; mem[4][1]                               ; Lost fanout        ;
; mem[5][1]                               ; Lost fanout        ;
; mem[6][1]                               ; Lost fanout        ;
; mem[7][1]                               ; Lost fanout        ;
; mem[8][1]                               ; Lost fanout        ;
; mem[9][1]                               ; Lost fanout        ;
; mem[10][1]                              ; Lost fanout        ;
; mem[11][1]                              ; Lost fanout        ;
; mem[12][1]                              ; Lost fanout        ;
; mem[13][1]                              ; Lost fanout        ;
; mem[14][1]                              ; Lost fanout        ;
; mem[15][1]                              ; Lost fanout        ;
; mem[16][1]                              ; Lost fanout        ;
; mem[17][1]                              ; Lost fanout        ;
; mem[18][1]                              ; Lost fanout        ;
; mem[19][1]                              ; Lost fanout        ;
; mem[20][1]                              ; Lost fanout        ;
; mem[21][1]                              ; Lost fanout        ;
; mem[22][1]                              ; Lost fanout        ;
; mem[23][1]                              ; Lost fanout        ;
; mem[24][1]                              ; Lost fanout        ;
; mem[25][1]                              ; Lost fanout        ;
; mem[26][1]                              ; Lost fanout        ;
; mem[27][1]                              ; Lost fanout        ;
; mem[28][1]                              ; Lost fanout        ;
; mem[29][1]                              ; Lost fanout        ;
; mem[30][1]                              ; Lost fanout        ;
; mem[31][1]                              ; Lost fanout        ;
; IR_ff.INSTR_add                         ; Lost fanout        ;
; IR_ff.INSTR_and                         ; Lost fanout        ;
; IR_ff.INSTR_jmp                         ; Lost fanout        ;
; IR_ff.INSTR_inc                         ; Lost fanout        ;
; stvar_ff.ST_HALT                        ; Lost fanout        ;
; stvar_ff.ST_FETCH2                      ; Lost fanout        ;
; stvar_ff.ST_FETCH3                      ; Lost fanout        ;
; stvar_ff.ST_ADD1                        ; Lost fanout        ;
; stvar_ff.ST_ADD2                        ; Lost fanout        ;
; stvar_ff.ST_AND1                        ; Lost fanout        ;
; stvar_ff.ST_AND2                        ; Lost fanout        ;
; stvar_ff.ST_JMP1                        ; Lost fanout        ;
; stvar_ff.ST_INC1                        ; Lost fanout        ;
; stvar_ff.ST_FETCH1                      ; Lost fanout        ;
; Total Number of Removed Registers = 538 ;                    ;
+-----------------------------------------+--------------------+


+----------------------------------------------------------------------------------------------------------------------------------------+
; Removed Registers Triggering Further Register Optimizations                                                                            ;
+---------------+--------------------+---------------------------------------------------------------------------------------------------+
; Register name ; Reason for Removal ; Registers Removed due to This Register                                                            ;
+---------------+--------------------+---------------------------------------------------------------------------------------------------+
; AR_ff[4]      ; Lost Fanouts       ; AR_ff[5], AR_ff[0], PC_ff[4], DR_ff[4], PC_ff[5], DR_ff[5], PC_ff[0], DR_ff[0], stvar_ff.ST_HALT, ;
;               ;                    ; stvar_ff.ST_FETCH2, stvar_ff.ST_ADD1, stvar_ff.ST_AND1, stvar_ff.ST_JMP1,                         ;
;               ;                    ; stvar_ff.ST_FETCH1                                                                                ;
; DR_ff[6]      ; Lost Fanouts       ; AR_ff[2], AR_ff[3], PC_ff[2], DR_ff[2], PC_ff[3], DR_ff[3]                                        ;
; AR_ff[1]      ; Lost Fanouts       ; PC_ff[1], DR_ff[1]                                                                                ;
+---------------+--------------------+---------------------------------------------------------------------------------------------------+


+------------------------------------------------------+
; General Register Statistics                          ;
+----------------------------------------------+-------+
; Statistic                                    ; Value ;
+----------------------------------------------+-------+
; Total registers                              ; 0     ;
; Number of registers using Synchronous Clear  ; 0     ;
; Number of registers using Synchronous Load   ; 0     ;
; Number of registers using Asynchronous Clear ; 0     ;
; Number of registers using Asynchronous Load  ; 0     ;
; Number of registers using Clock Enable       ; 0     ;
; Number of registers using Preset             ; 0     ;
+----------------------------------------------+-------+


+------------------------------------------------------------------------------------------------------------------------------------------+
; Multiplexer Restructuring Statistics (Restructuring Performed)                                                                           ;
+--------------------+-----------+---------------+----------------------+------------------------+------------+----------------------------+
; Multiplexer Inputs ; Bus Width ; Baseline Area ; Area if Restructured ; Saving if Restructured ; Registered ; Example Multiplexer Output ;
+--------------------+-----------+---------------+----------------------+------------------------+------------+----------------------------+
; 3:1                ; 8 bits    ; 16 LEs        ; 0 LEs                ; 16 LEs                 ; Yes        ; |vscpu|mem[0][1]           ;
; 3:1                ; 8 bits    ; 16 LEs        ; 0 LEs                ; 16 LEs                 ; Yes        ; |vscpu|mem[1][1]           ;
; 3:1                ; 8 bits    ; 16 LEs        ; 0 LEs                ; 16 LEs                 ; Yes        ; |vscpu|mem[2][6]           ;
; 3:1                ; 8 bits    ; 16 LEs        ; 0 LEs                ; 16 LEs                 ; Yes        ; |vscpu|mem[3][5]           ;
; 3:1                ; 8 bits    ; 16 LEs        ; 0 LEs                ; 16 LEs                 ; Yes        ; |vscpu|mem[4][3]           ;
; 3:1                ; 8 bits    ; 16 LEs        ; 0 LEs                ; 16 LEs                 ; Yes        ; |vscpu|mem[5][0]           ;
; 3:1                ; 8 bits    ; 16 LEs        ; 0 LEs                ; 16 LEs                 ; Yes        ; |vscpu|mem[6][6]           ;
; 3:1                ; 8 bits    ; 16 LEs        ; 0 LEs                ; 16 LEs                 ; Yes        ; |vscpu|mem[7][0]           ;
; 3:1                ; 8 bits    ; 16 LEs        ; 0 LEs                ; 16 LEs                 ; Yes        ; |vscpu|mem[8][4]           ;
; 3:1                ; 8 bits    ; 16 LEs        ; 0 LEs                ; 16 LEs                 ; Yes        ; |vscpu|mem[9][2]           ;
; 3:1                ; 8 bits    ; 16 LEs        ; 0 LEs                ; 16 LEs                 ; Yes        ; |vscpu|mem[10][1]          ;
; 3:1                ; 8 bits    ; 16 LEs        ; 0 LEs                ; 16 LEs                 ; Yes        ; |vscpu|mem[11][6]          ;
; 3:1                ; 8 bits    ; 16 LEs        ; 0 LEs                ; 16 LEs                 ; Yes        ; |vscpu|mem[12][0]          ;
; 3:1                ; 8 bits    ; 16 LEs        ; 0 LEs                ; 16 LEs                 ; Yes        ; |vscpu|mem[13][2]          ;
; 3:1                ; 8 bits    ; 16 LEs        ; 0 LEs                ; 16 LEs                 ; Yes        ; |vscpu|mem[14][0]          ;
; 3:1                ; 8 bits    ; 16 LEs        ; 0 LEs                ; 16 LEs                 ; Yes        ; |vscpu|mem[15][2]          ;
; 3:1                ; 8 bits    ; 16 LEs        ; 0 LEs                ; 16 LEs                 ; Yes        ; |vscpu|mem[16][0]          ;
; 3:1                ; 8 bits    ; 16 LEs        ; 0 LEs                ; 16 LEs                 ; Yes        ; |vscpu|mem[17][3]          ;
; 3:1                ; 8 bits    ; 16 LEs        ; 0 LEs                ; 16 LEs                 ; Yes        ; |vscpu|mem[18][0]          ;
; 3:1                ; 8 bits    ; 16 LEs        ; 0 LEs                ; 16 LEs                 ; Yes        ; |vscpu|mem[19][3]          ;
; 3:1                ; 8 bits    ; 16 LEs        ; 0 LEs                ; 16 LEs                 ; Yes        ; |vscpu|mem[20][3]          ;
; 3:1                ; 8 bits    ; 16 LEs        ; 0 LEs                ; 16 LEs                 ; Yes        ; |vscpu|mem[21][5]          ;
; 3:1                ; 8 bits    ; 16 LEs        ; 0 LEs                ; 16 LEs                 ; Yes        ; |vscpu|mem[22][6]          ;
; 3:1                ; 8 bits    ; 16 LEs        ; 0 LEs                ; 16 LEs                 ; Yes        ; |vscpu|mem[23][4]          ;
; 3:1                ; 8 bits    ; 16 LEs        ; 0 LEs                ; 16 LEs                 ; Yes        ; |vscpu|mem[24][2]          ;
; 3:1                ; 8 bits    ; 16 LEs        ; 0 LEs                ; 16 LEs                 ; Yes        ; |vscpu|mem[25][5]          ;
; 3:1                ; 8 bits    ; 16 LEs        ; 0 LEs                ; 16 LEs                 ; Yes        ; |vscpu|mem[26][0]          ;
; 3:1                ; 8 bits    ; 16 LEs        ; 0 LEs                ; 16 LEs                 ; Yes        ; |vscpu|mem[27][4]          ;
; 3:1                ; 8 bits    ; 16 LEs        ; 0 LEs                ; 16 LEs                 ; Yes        ; |vscpu|mem[28][0]          ;
; 3:1                ; 8 bits    ; 16 LEs        ; 0 LEs                ; 16 LEs                 ; Yes        ; |vscpu|mem[29][0]          ;
; 3:1                ; 8 bits    ; 16 LEs        ; 0 LEs                ; 16 LEs                 ; Yes        ; |vscpu|mem[30][6]          ;
; 3:1                ; 8 bits    ; 16 LEs        ; 0 LEs                ; 16 LEs                 ; Yes        ; |vscpu|mem[31][2]          ;
; 3:1                ; 8 bits    ; 16 LEs        ; 0 LEs                ; 16 LEs                 ; Yes        ; |vscpu|mem[32][6]          ;
; 3:1                ; 8 bits    ; 16 LEs        ; 0 LEs                ; 16 LEs                 ; Yes        ; |vscpu|mem[33][7]          ;
; 3:1                ; 8 bits    ; 16 LEs        ; 0 LEs                ; 16 LEs                 ; Yes        ; |vscpu|mem[34][6]          ;
; 3:1                ; 8 bits    ; 16 LEs        ; 0 LEs                ; 16 LEs                 ; Yes        ; |vscpu|mem[35][1]          ;
; 3:1                ; 8 bits    ; 16 LEs        ; 0 LEs                ; 16 LEs                 ; Yes        ; |vscpu|mem[36][1]          ;
; 3:1                ; 8 bits    ; 16 LEs        ; 0 LEs                ; 16 LEs                 ; Yes        ; |vscpu|mem[37][5]          ;
; 3:1                ; 8 bits    ; 16 LEs        ; 0 LEs                ; 16 LEs                 ; Yes        ; |vscpu|mem[38][3]          ;
; 3:1                ; 8 bits    ; 16 LEs        ; 0 LEs                ; 16 LEs                 ; Yes        ; |vscpu|mem[39][6]          ;
; 3:1                ; 8 bits    ; 16 LEs        ; 0 LEs                ; 16 LEs                 ; Yes        ; |vscpu|mem[40][6]          ;
; 3:1                ; 8 bits    ; 16 LEs        ; 0 LEs                ; 16 LEs                 ; Yes        ; |vscpu|mem[41][7]          ;
; 3:1                ; 8 bits    ; 16 LEs        ; 0 LEs                ; 16 LEs                 ; Yes        ; |vscpu|mem[42][6]          ;
; 3:1                ; 8 bits    ; 16 LEs        ; 0 LEs                ; 16 LEs                 ; Yes        ; |vscpu|mem[43][4]          ;
; 3:1                ; 8 bits    ; 16 LEs        ; 0 LEs                ; 16 LEs                 ; Yes        ; |vscpu|mem[44][7]          ;
; 3:1                ; 8 bits    ; 16 LEs        ; 0 LEs                ; 16 LEs                 ; Yes        ; |vscpu|mem[45][2]          ;
; 3:1                ; 8 bits    ; 16 LEs        ; 0 LEs                ; 16 LEs                 ; Yes        ; |vscpu|mem[46][0]          ;
; 3:1                ; 8 bits    ; 16 LEs        ; 0 LEs                ; 16 LEs                 ; Yes        ; |vscpu|mem[47][1]          ;
; 3:1                ; 8 bits    ; 16 LEs        ; 0 LEs                ; 16 LEs                 ; Yes        ; |vscpu|mem[48][6]          ;
; 3:1                ; 8 bits    ; 16 LEs        ; 0 LEs                ; 16 LEs                 ; Yes        ; |vscpu|mem[49][7]          ;
; 3:1                ; 8 bits    ; 16 LEs        ; 0 LEs                ; 16 LEs                 ; Yes        ; |vscpu|mem[50][6]          ;
; 3:1                ; 8 bits    ; 16 LEs        ; 0 LEs                ; 16 LEs                 ; Yes        ; |vscpu|mem[51][0]          ;
; 3:1                ; 8 bits    ; 16 LEs        ; 0 LEs                ; 16 LEs                 ; Yes        ; |vscpu|mem[52][5]          ;
; 3:1                ; 8 bits    ; 16 LEs        ; 0 LEs                ; 16 LEs                 ; Yes        ; |vscpu|mem[53][0]          ;
; 3:1                ; 8 bits    ; 16 LEs        ; 0 LEs                ; 16 LEs                 ; Yes        ; |vscpu|mem[54][1]          ;
; 3:1                ; 8 bits    ; 16 LEs        ; 0 LEs                ; 16 LEs                 ; Yes        ; |vscpu|mem[55][2]          ;
; 3:1                ; 8 bits    ; 16 LEs        ; 0 LEs                ; 16 LEs                 ; Yes        ; |vscpu|mem[56][4]          ;
; 3:1                ; 8 bits    ; 16 LEs        ; 0 LEs                ; 16 LEs                 ; Yes        ; |vscpu|mem[57][6]          ;
; 3:1                ; 8 bits    ; 16 LEs        ; 0 LEs                ; 16 LEs                 ; Yes        ; |vscpu|mem[58][6]          ;
; 3:1                ; 8 bits    ; 16 LEs        ; 0 LEs                ; 16 LEs                 ; Yes        ; |vscpu|mem[59][5]          ;
; 3:1                ; 8 bits    ; 16 LEs        ; 0 LEs                ; 16 LEs                 ; Yes        ; |vscpu|mem[60][5]          ;
; 3:1                ; 8 bits    ; 16 LEs        ; 0 LEs                ; 16 LEs                 ; Yes        ; |vscpu|mem[61][7]          ;
; 3:1                ; 8 bits    ; 16 LEs        ; 0 LEs                ; 16 LEs                 ; Yes        ; |vscpu|mem[62][2]          ;
; 4:1                ; 5 bits    ; 10 LEs        ; 10 LEs               ; 0 LEs                  ; Yes        ; |vscpu|PC_ff[1]            ;
; 4:1                ; 6 bits    ; 12 LEs        ; 12 LEs               ; 0 LEs                  ; Yes        ; |vscpu|AR_ff[4]            ;
; 3:1                ; 6 bits    ; 12 LEs        ; 12 LEs               ; 0 LEs                  ; No         ; |vscpu|stvar_ff            ;
; 4:1                ; 4 bits    ; 8 LEs         ; 8 LEs                ; 0 LEs                  ; No         ; |vscpu|stvar_ff            ;
; 7:1                ; 3 bits    ; 12 LEs        ; 12 LEs               ; 0 LEs                  ; No         ; |vscpu|IR_ff               ;
; 64:1               ; 8 bits    ; 336 LEs       ; 336 LEs              ; 0 LEs                  ; No         ; |vscpu|DR_ns[4]            ;
+--------------------+-----------+---------------+----------------------+------------------------+------------+----------------------------+


+-----------------------------------------------------------------------+
; Parameter Settings for User Entity Instance: Top-level Entity: |vscpu ;
+----------------+--------+---------------------------------------------+
; Parameter Name ; Value  ; Type                                        ;
+----------------+--------+---------------------------------------------+
; VSCPU_A_WIDTH  ; 6      ; Signed Integer                              ;
; VSCPU_D_WIDTH  ; 8      ; Signed Integer                              ;
; MEMSIZE        ; 63     ; Signed Integer                              ;
; PC_STARTS_AT   ; 000001 ; Unsigned Binary                             ;
+----------------+--------+---------------------------------------------+
Note: In order to hide this table in the UI and the text report file, please set the "Show Parameter Settings in Synthesis Report" option in "Analysis and Synthesis Settings -> More Settings" to "Off".


+-----------------------------------------------------+
; Post-Synthesis Netlist Statistics for Top Partition ;
+-----------------------+-----------------------------+
; Type                  ; Count                       ;
+-----------------------+-----------------------------+
; arriav_lcell_comb     ; 1                           ;
;     normal            ; 1                           ;
;         0 data inputs ; 1                           ;
; boundary_port         ; 19                          ;
;                       ;                             ;
; Max LUT depth         ; 0.00                        ;
; Average LUT depth     ; 0.00                        ;
+-----------------------+-----------------------------+


+-------------------------------+
; Elapsed Time Per Partition    ;
+----------------+--------------+
; Partition Name ; Elapsed Time ;
+----------------+--------------+
; Top            ; 00:00:00     ;
+----------------+--------------+


+-------------------------------+
; Analysis & Synthesis Messages ;
+-------------------------------+
Info: *******************************************************************
Info: Running Quartus Prime Analysis & Synthesis
    Info: Version 20.1.1 Build 720 11/11/2020 SJ Lite Edition
    Info: Processing started: Mon Nov  1 20:01:21 2021
Info: Command: quartus_map --read_settings_files=on --write_settings_files=off Proj_Cap_VSCPU -c Proj_Cap_VSCPU
Warning (18236): Number of processors has not been specified which may cause overloading on shared machines.  Set the global assignment NUM_PARALLEL_PROCESSORS in your QSF to an appropriate value for best performance.
Info (20030): Parallel compilation is enabled and will use 2 of the 2 processors detected
Info (12021): Found 6 design units, including 2 entities, in source file vscpu.vhd
    Info (12022): Found design unit 1: assign_logic_pack File: /home/parrot1/Downloads/Sem3/EE721/ProjCap_721/vscpu.vhd Line: 3
    Info (12022): Found design unit 2: assign_logic_pack-body File: /home/parrot1/Downloads/Sem3/EE721/ProjCap_721/vscpu.vhd Line: 11
    Info (12022): Found design unit 3: vscpu-rtl File: /home/parrot1/Downloads/Sem3/EE721/ProjCap_721/vscpu.vhd Line: 59
    Info (12022): Found design unit 4: vscputb-stim File: /home/parrot1/Downloads/Sem3/EE721/ProjCap_721/vscpu.vhd Line: 280
    Info (12023): Found entity 1: vscpu File: /home/parrot1/Downloads/Sem3/EE721/ProjCap_721/vscpu.vhd Line: 39
    Info (12023): Found entity 2: vscputb File: /home/parrot1/Downloads/Sem3/EE721/ProjCap_721/vscpu.vhd Line: 279
Info (12127): Elaborating entity "vscpu" for the top level hierarchy
Warning (10541): VHDL Signal Declaration warning at vscpu.vhd(54): used implicit default value for signal "status" because signal was never assigned a value or an explicit default value. Use of implicit default value may introduce unintended design optimizations. File: /home/parrot1/Downloads/Sem3/EE721/ProjCap_721/vscpu.vhd Line: 54
Warning (10350): VHDL warning at standard.vhd(71): ignored VHDL standard library NOW function, which is not supported for synthesis File: /home/parrot1/intelFPGA_lite/20.1/quartus/libraries/vhdl/std/1993/standard.vhd Line: 71
Info (10635): VHDL Report Statement at vscpu.vhd(265): unable to evaluate report string (NOTE) File: /home/parrot1/Downloads/Sem3/EE721/ProjCap_721/vscpu.vhd Line: 265
Warning (13046): Tri-state node(s) do not directly drive top-level pin(s)
    Warning (13049): Converted tri-state buffer "data_rd[7]" feeding internal logic into a wire File: /home/parrot1/Downloads/Sem3/EE721/ProjCap_721/vscpu.vhd Line: 68
    Warning (13049): Converted tri-state buffer "data_rd[6]" feeding internal logic into a wire File: /home/parrot1/Downloads/Sem3/EE721/ProjCap_721/vscpu.vhd Line: 68
    Warning (13049): Converted tri-state buffer "data_rd[5]" feeding internal logic into a wire File: /home/parrot1/Downloads/Sem3/EE721/ProjCap_721/vscpu.vhd Line: 68
    Warning (13049): Converted tri-state buffer "data_rd[4]" feeding internal logic into a wire File: /home/parrot1/Downloads/Sem3/EE721/ProjCap_721/vscpu.vhd Line: 68
    Warning (13049): Converted tri-state buffer "data_rd[3]" feeding internal logic into a wire File: /home/parrot1/Downloads/Sem3/EE721/ProjCap_721/vscpu.vhd Line: 68
    Warning (13049): Converted tri-state buffer "data_rd[2]" feeding internal logic into a wire File: /home/parrot1/Downloads/Sem3/EE721/ProjCap_721/vscpu.vhd Line: 68
    Warning (13049): Converted tri-state buffer "data_rd[1]" feeding internal logic into a wire File: /home/parrot1/Downloads/Sem3/EE721/ProjCap_721/vscpu.vhd Line: 68
    Warning (13049): Converted tri-state buffer "data_rd[0]" feeding internal logic into a wire File: /home/parrot1/Downloads/Sem3/EE721/ProjCap_721/vscpu.vhd Line: 68
Warning (13024): Output pins are stuck at VCC or GND
    Warning (13410): Pin "status" is stuck at GND File: /home/parrot1/Downloads/Sem3/EE721/ProjCap_721/vscpu.vhd Line: 54
Info (17049): 538 registers lost all their fanouts during netlist optimizations.
Info (16010): Generating hard_block partition "hard_block:auto_generated_inst"
    Info (16011): Adding 0 node(s), including 0 DDIO, 0 PLL, 0 transceiver and 0 LCELL
Warning (21074): Design contains 18 input pin(s) that do not drive logic
    Warning (15610): No output dependent on input pin "reset" File: /home/parrot1/Downloads/Sem3/EE721/ProjCap_721/vscpu.vhd Line: 49
    Warning (15610): No output dependent on input pin "addr[4]" File: /home/parrot1/Downloads/Sem3/EE721/ProjCap_721/vscpu.vhd Line: 52
    Warning (15610): No output dependent on input pin "addr[5]" File: /home/parrot1/Downloads/Sem3/EE721/ProjCap_721/vscpu.vhd Line: 52
    Warning (15610): No output dependent on input pin "addr[2]" File: /home/parrot1/Downloads/Sem3/EE721/ProjCap_721/vscpu.vhd Line: 52
    Warning (15610): No output dependent on input pin "addr[3]" File: /home/parrot1/Downloads/Sem3/EE721/ProjCap_721/vscpu.vhd Line: 52
    Warning (15610): No output dependent on input pin "addr[0]" File: /home/parrot1/Downloads/Sem3/EE721/ProjCap_721/vscpu.vhd Line: 52
    Warning (15610): No output dependent on input pin "addr[1]" File: /home/parrot1/Downloads/Sem3/EE721/ProjCap_721/vscpu.vhd Line: 52
    Warning (15610): No output dependent on input pin "clock" File: /home/parrot1/Downloads/Sem3/EE721/ProjCap_721/vscpu.vhd Line: 48
    Warning (15610): No output dependent on input pin "start" File: /home/parrot1/Downloads/Sem3/EE721/ProjCap_721/vscpu.vhd Line: 50
    Warning (15610): No output dependent on input pin "data[6]" File: /home/parrot1/Downloads/Sem3/EE721/ProjCap_721/vscpu.vhd Line: 53
    Warning (15610): No output dependent on input pin "write" File: /home/parrot1/Downloads/Sem3/EE721/ProjCap_721/vscpu.vhd Line: 51
    Warning (15610): No output dependent on input pin "data[7]" File: /home/parrot1/Downloads/Sem3/EE721/ProjCap_721/vscpu.vhd Line: 53
    Warning (15610): No output dependent on input pin "data[4]" File: /home/parrot1/Downloads/Sem3/EE721/ProjCap_721/vscpu.vhd Line: 53
    Warning (15610): No output dependent on input pin "data[5]" File: /home/parrot1/Downloads/Sem3/EE721/ProjCap_721/vscpu.vhd Line: 53
    Warning (15610): No output dependent on input pin "data[2]" File: /home/parrot1/Downloads/Sem3/EE721/ProjCap_721/vscpu.vhd Line: 53
    Warning (15610): No output dependent on input pin "data[3]" File: /home/parrot1/Downloads/Sem3/EE721/ProjCap_721/vscpu.vhd Line: 53
    Warning (15610): No output dependent on input pin "data[0]" File: /home/parrot1/Downloads/Sem3/EE721/ProjCap_721/vscpu.vhd Line: 53
    Warning (15610): No output dependent on input pin "data[1]" File: /home/parrot1/Downloads/Sem3/EE721/ProjCap_721/vscpu.vhd Line: 53
Info (21057): Implemented 19 device resources after synthesis - the final resource count might be different
    Info (21058): Implemented 18 input pins
    Info (21059): Implemented 1 output pins
Info: Quartus Prime Analysis & Synthesis was successful. 0 errors, 33 warnings
    Info: Peak virtual memory: 485 megabytes
    Info: Processing ended: Mon Nov  1 20:01:35 2021
    Info: Elapsed time: 00:00:14
    Info: Total CPU time (on all processors): 00:00:31


