Analysis & Synthesis report for Asynchronous_FIFO
Sun Jul 24 17:43:02 2022
Quartus Prime Version 18.1.1 Build 646 04/11/2019 SJ Lite Edition


---------------------
; Table of Contents ;
---------------------
  1. Legal Notice
  2. Analysis & Synthesis Summary
  3. Analysis & Synthesis Settings
  4. Parallel Compilation
  5. Analysis & Synthesis Source Files Read
  6. Analysis & Synthesis Resource Usage Summary
  7. Analysis & Synthesis Resource Utilization by Entity
  8. Analysis & Synthesis RAM Summary
  9. Registers Removed During Synthesis
 10. General Register Statistics
 11. Source assignments for altsyncram:memory_rtl_0|altsyncram_flk1:auto_generated
 12. Parameter Settings for User Entity Instance: Top-level Entity: |Asynchronous_FIFO
 13. Parameter Settings for Inferred Entity Instance: altsyncram:memory_rtl_0
 14. altsyncram Parameter Settings by Entity Instance
 15. Post-Synthesis Netlist Statistics for Top Partition
 16. Elapsed Time Per Partition
 17. Analysis & Synthesis Messages



----------------
; Legal Notice ;
----------------
Copyright (C) 2019  Intel Corporation. All rights reserved.
Your use of Intel Corporation's design tools, logic functions 
and other software and tools, and any partner logic 
functions, and any output files from any of the foregoing 
(including device programming or simulation files), and any 
associated documentation or information are expressly subject 
to the terms and conditions of the Intel Program License 
Subscription Agreement, the Intel Quartus Prime License Agreement,
the Intel FPGA IP License Agreement, or other applicable license
agreement, including, without limitation, that your use is for
the sole purpose of programming logic devices manufactured by
Intel and sold by Intel or its authorized distributors.  Please
refer to the applicable agreement for further details, at
https://fpgasoftware.intel.com/eula.



+-------------------------------------------------------------------------------+
; Analysis & Synthesis Summary                                                  ;
+---------------------------------+---------------------------------------------+
; Analysis & Synthesis Status     ; Successful - Sun Jul 24 17:43:02 2022       ;
; Quartus Prime Version           ; 18.1.1 Build 646 04/11/2019 SJ Lite Edition ;
; Revision Name                   ; Asynchronous_FIFO                           ;
; Top-level Entity Name           ; Asynchronous_FIFO                           ;
; Family                          ; Cyclone V                                   ;
; Logic utilization (in ALMs)     ; N/A                                         ;
; Total registers                 ; 55                                          ;
; Total pins                      ; 21                                          ;
; Total virtual pins              ; 0                                           ;
; Total block memory bits         ; 512                                         ;
; Total DSP Blocks                ; 0                                           ;
; Total HSSI RX PCSs              ; 0                                           ;
; Total HSSI PMA RX Deserializers ; 0                                           ;
; Total HSSI TX PCSs              ; 0                                           ;
; Total HSSI PMA TX Serializers   ; 0                                           ;
; Total PLLs                      ; 0                                           ;
; Total DLLs                      ; 0                                           ;
+---------------------------------+---------------------------------------------+


+---------------------------------------------------------------------------------------------------------------------------+
; Analysis & Synthesis Settings                                                                                             ;
+---------------------------------------------------------------------------------+--------------------+--------------------+
; Option                                                                          ; Setting            ; Default Value      ;
+---------------------------------------------------------------------------------+--------------------+--------------------+
; Device                                                                          ; 5CGXFC7C7F23C8     ;                    ;
; Top-level entity name                                                           ; Asynchronous_FIFO  ; Asynchronous_FIFO  ;
; Family name                                                                     ; Cyclone V          ; Cyclone V          ;
; Use smart compilation                                                           ; Off                ; Off                ;
; Enable parallel Assembler and Timing Analyzer during compilation                ; On                 ; On                 ;
; Enable compact report table                                                     ; Off                ; Off                ;
; Restructure Multiplexers                                                        ; Auto               ; Auto               ;
; MLAB Add Timing Constraints For Mixed-Port Feed-Through Mode Setting Don't Care ; Off                ; Off                ;
; Create Debugging Nodes for IP Cores                                             ; Off                ; Off                ;
; Preserve fewer node names                                                       ; On                 ; On                 ;
; Intel FPGA IP Evaluation Mode                                                   ; Enable             ; Enable             ;
; Verilog Version                                                                 ; Verilog_2001       ; Verilog_2001       ;
; VHDL Version                                                                    ; VHDL_1993          ; VHDL_1993          ;
; State Machine Processing                                                        ; Auto               ; Auto               ;
; Safe State Machine                                                              ; Off                ; Off                ;
; Extract Verilog State Machines                                                  ; On                 ; On                 ;
; Extract VHDL State Machines                                                     ; On                 ; On                 ;
; Ignore Verilog initial constructs                                               ; Off                ; Off                ;
; Iteration limit for constant Verilog loops                                      ; 5000               ; 5000               ;
; Iteration limit for non-constant Verilog loops                                  ; 250                ; 250                ;
; Add Pass-Through Logic to Inferred RAMs                                         ; On                 ; On                 ;
; Infer RAMs from Raw Logic                                                       ; On                 ; On                 ;
; Parallel Synthesis                                                              ; On                 ; On                 ;
; DSP Block Balancing                                                             ; Auto               ; Auto               ;
; NOT Gate Push-Back                                                              ; On                 ; On                 ;
; Power-Up Don't Care                                                             ; On                 ; On                 ;
; Remove Redundant Logic Cells                                                    ; Off                ; Off                ;
; Remove Duplicate Registers                                                      ; On                 ; On                 ;
; Ignore CARRY Buffers                                                            ; Off                ; Off                ;
; Ignore CASCADE Buffers                                                          ; Off                ; Off                ;
; Ignore GLOBAL Buffers                                                           ; Off                ; Off                ;
; Ignore ROW GLOBAL Buffers                                                       ; Off                ; Off                ;
; Ignore LCELL Buffers                                                            ; Off                ; Off                ;
; Ignore SOFT Buffers                                                             ; On                 ; On                 ;
; Limit AHDL Integers to 32 Bits                                                  ; Off                ; Off                ;
; Optimization Technique                                                          ; Balanced           ; Balanced           ;
; Carry Chain Length                                                              ; 70                 ; 70                 ;
; Auto Carry Chains                                                               ; On                 ; On                 ;
; Auto Open-Drain Pins                                                            ; On                 ; On                 ;
; Perform WYSIWYG Primitive Resynthesis                                           ; Off                ; Off                ;
; Auto ROM Replacement                                                            ; On                 ; On                 ;
; Auto RAM Replacement                                                            ; On                 ; On                 ;
; Auto DSP Block Replacement                                                      ; On                 ; On                 ;
; Auto Shift Register Replacement                                                 ; Auto               ; Auto               ;
; Allow Shift Register Merging across Hierarchies                                 ; Auto               ; Auto               ;
; Auto Clock Enable Replacement                                                   ; On                 ; On                 ;
; Strict RAM Replacement                                                          ; Off                ; Off                ;
; Allow Synchronous Control Signals                                               ; On                 ; On                 ;
; Force Use of Synchronous Clear Signals                                          ; Off                ; Off                ;
; Auto Resource Sharing                                                           ; Off                ; Off                ;
; Allow Any RAM Size For Recognition                                              ; Off                ; Off                ;
; Allow Any ROM Size For Recognition                                              ; Off                ; Off                ;
; Allow Any Shift Register Size For Recognition                                   ; Off                ; Off                ;
; Use LogicLock Constraints during Resource Balancing                             ; On                 ; On                 ;
; Ignore translate_off and synthesis_off directives                               ; Off                ; Off                ;
; Timing-Driven Synthesis                                                         ; On                 ; On                 ;
; Report Parameter Settings                                                       ; On                 ; On                 ;
; Report Source Assignments                                                       ; On                 ; On                 ;
; Report Connectivity Checks                                                      ; On                 ; On                 ;
; Ignore Maximum Fan-Out Assignments                                              ; Off                ; Off                ;
; Synchronization Register Chain Length                                           ; 3                  ; 3                  ;
; Power Optimization During Synthesis                                             ; Normal compilation ; Normal compilation ;
; HDL message level                                                               ; Level2             ; Level2             ;
; Suppress Register Optimization Related Messages                                 ; Off                ; Off                ;
; Number of Removed Registers Reported in Synthesis Report                        ; 5000               ; 5000               ;
; Number of Swept Nodes Reported in Synthesis Report                              ; 5000               ; 5000               ;
; Number of Inverted Registers Reported in Synthesis Report                       ; 100                ; 100                ;
; Clock MUX Protection                                                            ; On                 ; On                 ;
; Auto Gated Clock Conversion                                                     ; Off                ; Off                ;
; Block Design Naming                                                             ; Auto               ; Auto               ;
; SDC constraint protection                                                       ; Off                ; Off                ;
; Synthesis Effort                                                                ; Auto               ; Auto               ;
; Shift Register Replacement - Allow Asynchronous Clear Signal                    ; On                 ; On                 ;
; Pre-Mapping Resynthesis Optimization                                            ; Off                ; Off                ;
; Analysis & Synthesis Message Level                                              ; Medium             ; Medium             ;
; Disable Register Merging Across Hierarchies                                     ; Auto               ; Auto               ;
; Resource Aware Inference For Block RAM                                          ; On                 ; On                 ;
; Automatic Parallel Synthesis                                                    ; On                 ; On                 ;
; Partial Reconfiguration Bitstream ID                                            ; Off                ; Off                ;
+---------------------------------------------------------------------------------+--------------------+--------------------+


+------------------------------------------+
; Parallel Compilation                     ;
+----------------------------+-------------+
; Processors                 ; Number      ;
+----------------------------+-------------+
; Number detected on machine ; 16          ;
; Maximum allowed            ; 16          ;
;                            ;             ;
; Average used               ; 1.00        ;
; Maximum used               ; 16          ;
;                            ;             ;
; Usage by Processor         ; % Time Used ;
;     Processor 1            ; 100.0%      ;
;     Processors 2-16        ;   0.0%      ;
+----------------------------+-------------+


+----------------------------------------------------------------------------------------------------------------------------------------------------------------------------+
; Analysis & Synthesis Source Files Read                                                                                                                                     ;
+----------------------------------+-----------------+------------------------------+------------------------------------------------------------------------------+---------+
; File Name with User-Entered Path ; Used in Netlist ; File Type                    ; File Name with Absolute Path                                                 ; Library ;
+----------------------------------+-----------------+------------------------------+------------------------------------------------------------------------------+---------+
; Asynchronous_FIFO.v              ; yes             ; User Verilog HDL File        ; D:/IIT BOMBAY/M.Tech Projects/Asynchronous FIFO/Asynchronous_FIFO.v          ;         ;
; altsyncram.tdf                   ; yes             ; Megafunction                 ; c:/intelfpga_lite/18.1/quartus/libraries/megafunctions/altsyncram.tdf        ;         ;
; stratix_ram_block.inc            ; yes             ; Megafunction                 ; c:/intelfpga_lite/18.1/quartus/libraries/megafunctions/stratix_ram_block.inc ;         ;
; lpm_mux.inc                      ; yes             ; Megafunction                 ; c:/intelfpga_lite/18.1/quartus/libraries/megafunctions/lpm_mux.inc           ;         ;
; lpm_decode.inc                   ; yes             ; Megafunction                 ; c:/intelfpga_lite/18.1/quartus/libraries/megafunctions/lpm_decode.inc        ;         ;
; aglobal181.inc                   ; yes             ; Megafunction                 ; c:/intelfpga_lite/18.1/quartus/libraries/megafunctions/aglobal181.inc        ;         ;
; a_rdenreg.inc                    ; yes             ; Megafunction                 ; c:/intelfpga_lite/18.1/quartus/libraries/megafunctions/a_rdenreg.inc         ;         ;
; altrom.inc                       ; yes             ; Megafunction                 ; c:/intelfpga_lite/18.1/quartus/libraries/megafunctions/altrom.inc            ;         ;
; altram.inc                       ; yes             ; Megafunction                 ; c:/intelfpga_lite/18.1/quartus/libraries/megafunctions/altram.inc            ;         ;
; altdpram.inc                     ; yes             ; Megafunction                 ; c:/intelfpga_lite/18.1/quartus/libraries/megafunctions/altdpram.inc          ;         ;
; db/altsyncram_flk1.tdf           ; yes             ; Auto-Generated Megafunction  ; D:/IIT BOMBAY/M.Tech Projects/Asynchronous FIFO/db/altsyncram_flk1.tdf       ;         ;
+----------------------------------+-----------------+------------------------------+------------------------------------------------------------------------------+---------+


+---------------------------------------------------------------+
; Analysis & Synthesis Resource Usage Summary                   ;
+---------------------------------------------+-----------------+
; Resource                                    ; Usage           ;
+---------------------------------------------+-----------------+
; Estimate of Logic utilization (ALMs needed) ; 54              ;
;                                             ;                 ;
; Combinational ALUT usage for logic          ; 90              ;
;     -- 7 input functions                    ; 3               ;
;     -- 6 input functions                    ; 12              ;
;     -- 5 input functions                    ; 11              ;
;     -- 4 input functions                    ; 14              ;
;     -- <=3 input functions                  ; 50              ;
;                                             ;                 ;
; Dedicated logic registers                   ; 55              ;
;                                             ;                 ;
; I/O pins                                    ; 21              ;
; Total MLAB memory bits                      ; 0               ;
; Total block memory bits                     ; 512             ;
;                                             ;                 ;
; Total DSP Blocks                            ; 0               ;
;                                             ;                 ;
; Maximum fan-out node                        ; write_clk~input ;
; Maximum fan-out                             ; 52              ;
; Total fan-out                               ; 746             ;
; Average fan-out                             ; 3.67            ;
+---------------------------------------------+-----------------+


+----------------------------------------------------------------------------------------------------------------------------------------------------------------------------------------------------------------------------------------------------------------+
; Analysis & Synthesis Resource Utilization by Entity                                                                                                                                                                                                            ;
+----------------------------------------+---------------------+---------------------------+-------------------+------------+------+--------------+---------------------------------------------------------------------------+-------------------+--------------+
; Compilation Hierarchy Node             ; Combinational ALUTs ; Dedicated Logic Registers ; Block Memory Bits ; DSP Blocks ; Pins ; Virtual Pins ; Full Hierarchy Name                                                       ; Entity Name       ; Library Name ;
+----------------------------------------+---------------------+---------------------------+-------------------+------------+------+--------------+---------------------------------------------------------------------------+-------------------+--------------+
; |Asynchronous_FIFO                     ; 90 (68)             ; 55 (55)                   ; 512               ; 0          ; 21   ; 0            ; |Asynchronous_FIFO                                                        ; Asynchronous_FIFO ; work         ;
;    |altsyncram:memory_rtl_0|           ; 0 (0)               ; 0 (0)                     ; 512               ; 0          ; 0    ; 0            ; |Asynchronous_FIFO|altsyncram:memory_rtl_0                                ; altsyncram        ; work         ;
;       |altsyncram_flk1:auto_generated| ; 0 (0)               ; 0 (0)                     ; 512               ; 0          ; 0    ; 0            ; |Asynchronous_FIFO|altsyncram:memory_rtl_0|altsyncram_flk1:auto_generated ; altsyncram_flk1   ; work         ;
;    |transmisson:t|                     ; 22 (22)             ; 0 (0)                     ; 0                 ; 0          ; 0    ; 0            ; |Asynchronous_FIFO|transmisson:t                                          ; transmisson       ; work         ;
+----------------------------------------+---------------------+---------------------------+-------------------+------------+------+--------------+---------------------------------------------------------------------------+-------------------+--------------+
Note: For table entries with two numbers listed, the numbers in parentheses indicate the number of resources of the given type used by the specific entity alone. The numbers listed outside of parentheses indicate the total resources of the given type used by the specific entity and all of its sub-entities in the hierarchy.


+-----------------------------------------------------------------------------------------------------------------------------------------------------------------------+
; Analysis & Synthesis RAM Summary                                                                                                                                      ;
+-------------------------------------------------------------------+------+------------------+--------------+--------------+--------------+--------------+------+------+
; Name                                                              ; Type ; Mode             ; Port A Depth ; Port A Width ; Port B Depth ; Port B Width ; Size ; MIF  ;
+-------------------------------------------------------------------+------+------------------+--------------+--------------+--------------+--------------+------+------+
; altsyncram:memory_rtl_0|altsyncram_flk1:auto_generated|ALTSYNCRAM ; AUTO ; Simple Dual Port ; 32           ; 16           ; 32           ; 16           ; 512  ; None ;
+-------------------------------------------------------------------+------+------------------+--------------+--------------+--------------+--------------+------+------+


+---------------------------------------------------------------------------------+
; Registers Removed During Synthesis                                              ;
+----------------------------------------+----------------------------------------+
; Register name                          ; Reason for Removal                     ;
+----------------------------------------+----------------------------------------+
; transmitter_ptr[0]                     ; Merged with write_pointer[0]           ;
; memory~12                              ; Stuck at GND due to stuck port data_in ;
; memory~13                              ; Stuck at GND due to stuck port data_in ;
; memory~14                              ; Stuck at GND due to stuck port data_in ;
; memory~15                              ; Stuck at GND due to stuck port data_in ;
; memory~16                              ; Stuck at GND due to stuck port data_in ;
; memory~1                               ; Stuck at GND due to stuck port data_in ;
; transmitter_ptr[9..15]                 ; Lost fanout                            ;
; Total Number of Removed Registers = 14 ;                                        ;
+----------------------------------------+----------------------------------------+


+------------------------------------------------------+
; General Register Statistics                          ;
+----------------------------------------------+-------+
; Statistic                                    ; Value ;
+----------------------------------------------+-------+
; Total registers                              ; 55    ;
; Number of registers using Synchronous Clear  ; 0     ;
; Number of registers using Synchronous Load   ; 0     ;
; Number of registers using Asynchronous Clear ; 21    ;
; Number of registers using Asynchronous Load  ; 0     ;
; Number of registers using Clock Enable       ; 18    ;
; Number of registers using Preset             ; 0     ;
+----------------------------------------------+-------+


+-------------------------------------------------------------------------------+
; Source assignments for altsyncram:memory_rtl_0|altsyncram_flk1:auto_generated ;
+---------------------------------+--------------------+------+-----------------+
; Assignment                      ; Value              ; From ; To              ;
+---------------------------------+--------------------+------+-----------------+
; OPTIMIZE_POWER_DURING_SYNTHESIS ; NORMAL_COMPILATION ; -    ; -               ;
+---------------------------------+--------------------+------+-----------------+


+-----------------------------------------------------------------------------------+
; Parameter Settings for User Entity Instance: Top-level Entity: |Asynchronous_FIFO ;
+----------------+-------+----------------------------------------------------------+
; Parameter Name ; Value ; Type                                                     ;
+----------------+-------+----------------------------------------------------------+
; p              ; 5     ; Signed Integer                                           ;
; w              ; 16    ; Signed Integer                                           ;
; depth          ; 32    ; Signed Integer                                           ;
+----------------+-------+----------------------------------------------------------+
Note: In order to hide this table in the UI and the text report file, please set the "Show Parameter Settings in Synthesis Report" option in "Analysis and Synthesis Settings -> More Settings" to "Off".


+----------------------------------------------------------------------------+
; Parameter Settings for Inferred Entity Instance: altsyncram:memory_rtl_0   ;
+------------------------------------+----------------------+----------------+
; Parameter Name                     ; Value                ; Type           ;
+------------------------------------+----------------------+----------------+
; BYTE_SIZE_BLOCK                    ; 8                    ; Untyped        ;
; AUTO_CARRY_CHAINS                  ; ON                   ; AUTO_CARRY     ;
; IGNORE_CARRY_BUFFERS               ; OFF                  ; IGNORE_CARRY   ;
; AUTO_CASCADE_CHAINS                ; ON                   ; AUTO_CASCADE   ;
; IGNORE_CASCADE_BUFFERS             ; OFF                  ; IGNORE_CASCADE ;
; WIDTH_BYTEENA                      ; 1                    ; Untyped        ;
; OPERATION_MODE                     ; DUAL_PORT            ; Untyped        ;
; WIDTH_A                            ; 16                   ; Untyped        ;
; WIDTHAD_A                          ; 5                    ; Untyped        ;
; NUMWORDS_A                         ; 32                   ; Untyped        ;
; OUTDATA_REG_A                      ; UNREGISTERED         ; Untyped        ;
; ADDRESS_ACLR_A                     ; NONE                 ; Untyped        ;
; OUTDATA_ACLR_A                     ; NONE                 ; Untyped        ;
; WRCONTROL_ACLR_A                   ; NONE                 ; Untyped        ;
; INDATA_ACLR_A                      ; NONE                 ; Untyped        ;
; BYTEENA_ACLR_A                     ; NONE                 ; Untyped        ;
; WIDTH_B                            ; 16                   ; Untyped        ;
; WIDTHAD_B                          ; 5                    ; Untyped        ;
; NUMWORDS_B                         ; 32                   ; Untyped        ;
; INDATA_REG_B                       ; CLOCK1               ; Untyped        ;
; WRCONTROL_WRADDRESS_REG_B          ; CLOCK1               ; Untyped        ;
; RDCONTROL_REG_B                    ; CLOCK1               ; Untyped        ;
; ADDRESS_REG_B                      ; CLOCK1               ; Untyped        ;
; OUTDATA_REG_B                      ; UNREGISTERED         ; Untyped        ;
; BYTEENA_REG_B                      ; CLOCK1               ; Untyped        ;
; INDATA_ACLR_B                      ; NONE                 ; Untyped        ;
; WRCONTROL_ACLR_B                   ; NONE                 ; Untyped        ;
; ADDRESS_ACLR_B                     ; NONE                 ; Untyped        ;
; OUTDATA_ACLR_B                     ; NONE                 ; Untyped        ;
; RDCONTROL_ACLR_B                   ; NONE                 ; Untyped        ;
; BYTEENA_ACLR_B                     ; NONE                 ; Untyped        ;
; WIDTH_BYTEENA_A                    ; 1                    ; Untyped        ;
; WIDTH_BYTEENA_B                    ; 1                    ; Untyped        ;
; RAM_BLOCK_TYPE                     ; AUTO                 ; Untyped        ;
; BYTE_SIZE                          ; 8                    ; Untyped        ;
; READ_DURING_WRITE_MODE_MIXED_PORTS ; DONT_CARE            ; Untyped        ;
; READ_DURING_WRITE_MODE_PORT_A      ; NEW_DATA_NO_NBE_READ ; Untyped        ;
; READ_DURING_WRITE_MODE_PORT_B      ; NEW_DATA_NO_NBE_READ ; Untyped        ;
; INIT_FILE                          ; UNUSED               ; Untyped        ;
; INIT_FILE_LAYOUT                   ; PORT_A               ; Untyped        ;
; MAXIMUM_DEPTH                      ; 0                    ; Untyped        ;
; CLOCK_ENABLE_INPUT_A               ; NORMAL               ; Untyped        ;
; CLOCK_ENABLE_INPUT_B               ; NORMAL               ; Untyped        ;
; CLOCK_ENABLE_OUTPUT_A              ; NORMAL               ; Untyped        ;
; CLOCK_ENABLE_OUTPUT_B              ; NORMAL               ; Untyped        ;
; CLOCK_ENABLE_CORE_A                ; USE_INPUT_CLKEN      ; Untyped        ;
; CLOCK_ENABLE_CORE_B                ; USE_INPUT_CLKEN      ; Untyped        ;
; ENABLE_ECC                         ; FALSE                ; Untyped        ;
; ECC_PIPELINE_STAGE_ENABLED         ; FALSE                ; Untyped        ;
; WIDTH_ECCSTATUS                    ; 3                    ; Untyped        ;
; DEVICE_FAMILY                      ; Cyclone V            ; Untyped        ;
; CBXI_PARAMETER                     ; altsyncram_flk1      ; Untyped        ;
+------------------------------------+----------------------+----------------+
Note: In order to hide this table in the UI and the text report file, please set the "Show Parameter Settings in Synthesis Report" option in "Analysis and Synthesis Settings -> More Settings" to "Off".


+---------------------------------------------------------------------+
; altsyncram Parameter Settings by Entity Instance                    ;
+-------------------------------------------+-------------------------+
; Name                                      ; Value                   ;
+-------------------------------------------+-------------------------+
; Number of entity instances                ; 1                       ;
; Entity Instance                           ; altsyncram:memory_rtl_0 ;
;     -- OPERATION_MODE                     ; DUAL_PORT               ;
;     -- WIDTH_A                            ; 16                      ;
;     -- NUMWORDS_A                         ; 32                      ;
;     -- OUTDATA_REG_A                      ; UNREGISTERED            ;
;     -- WIDTH_B                            ; 16                      ;
;     -- NUMWORDS_B                         ; 32                      ;
;     -- ADDRESS_REG_B                      ; CLOCK1                  ;
;     -- OUTDATA_REG_B                      ; UNREGISTERED            ;
;     -- RAM_BLOCK_TYPE                     ; AUTO                    ;
;     -- READ_DURING_WRITE_MODE_MIXED_PORTS ; DONT_CARE               ;
+-------------------------------------------+-------------------------+


+-----------------------------------------------------+
; Post-Synthesis Netlist Statistics for Top Partition ;
+-----------------------+-----------------------------+
; Type                  ; Count                       ;
+-----------------------+-----------------------------+
; arriav_ff             ; 55                          ;
;     CLR               ; 13                          ;
;     ENA               ; 10                          ;
;     ENA CLR           ; 8                           ;
;     plain             ; 24                          ;
; arriav_lcell_comb     ; 90                          ;
;     arith             ; 8                           ;
;         1 data inputs ; 7                           ;
;         2 data inputs ; 1                           ;
;     extend            ; 3                           ;
;         7 data inputs ; 3                           ;
;     normal            ; 79                          ;
;         0 data inputs ; 1                           ;
;         1 data inputs ; 2                           ;
;         2 data inputs ; 21                          ;
;         3 data inputs ; 18                          ;
;         4 data inputs ; 14                          ;
;         5 data inputs ; 11                          ;
;         6 data inputs ; 12                          ;
; boundary_port         ; 21                          ;
; stratixv_ram_block    ; 16                          ;
;                       ;                             ;
; Max LUT depth         ; 3.00                        ;
; Average LUT depth     ; 1.74                        ;
+-----------------------+-----------------------------+


+-------------------------------+
; Elapsed Time Per Partition    ;
+----------------+--------------+
; Partition Name ; Elapsed Time ;
+----------------+--------------+
; Top            ; 00:00:00     ;
+----------------+--------------+


+-------------------------------+
; Analysis & Synthesis Messages ;
+-------------------------------+
Info: *******************************************************************
Info: Running Quartus Prime Analysis & Synthesis
    Info: Version 18.1.1 Build 646 04/11/2019 SJ Lite Edition
    Info: Processing started: Sun Jul 24 17:42:52 2022
Info: Command: quartus_map --read_settings_files=on --write_settings_files=off Asynchronous_FIFO -c Asynchronous_FIFO
Warning (18236): Number of processors has not been specified which may cause overloading on shared machines.  Set the global assignment NUM_PARALLEL_PROCESSORS in your QSF to an appropriate value for best performance.
Info (20030): Parallel compilation is enabled and will use 16 of the 16 processors detected
Info (12021): Found 2 design units, including 2 entities, in source file asynchronous_fifo.v
    Info (12023): Found entity 1: transmisson File: D:/IIT BOMBAY/M.Tech Projects/Asynchronous FIFO/Asynchronous_FIFO.v Line: 3
    Info (12023): Found entity 2: Asynchronous_FIFO File: D:/IIT BOMBAY/M.Tech Projects/Asynchronous FIFO/Asynchronous_FIFO.v Line: 18
Info (12021): Found 1 design units, including 1 entities, in source file tb_asynchronous_fifo.v
    Info (12023): Found entity 1: Tb_Asynchronous_FIFO File: D:/IIT BOMBAY/M.Tech Projects/Asynchronous FIFO/Tb_Asynchronous_FIFO.v Line: 4
Info (12127): Elaborating entity "Asynchronous_FIFO" for the top level hierarchy
Warning (10230): Verilog HDL assignment warning at Asynchronous_FIFO.v(49): truncated value with size 32 to match size of target (6) File: D:/IIT BOMBAY/M.Tech Projects/Asynchronous FIFO/Asynchronous_FIFO.v Line: 49
Warning (10230): Verilog HDL assignment warning at Asynchronous_FIFO.v(50): truncated value with size 32 to match size of target (16) File: D:/IIT BOMBAY/M.Tech Projects/Asynchronous FIFO/Asynchronous_FIFO.v Line: 50
Warning (10230): Verilog HDL assignment warning at Asynchronous_FIFO.v(61): truncated value with size 32 to match size of target (6) File: D:/IIT BOMBAY/M.Tech Projects/Asynchronous FIFO/Asynchronous_FIFO.v Line: 61
Info (12128): Elaborating entity "transmisson" for hierarchy "transmisson:t" File: D:/IIT BOMBAY/M.Tech Projects/Asynchronous FIFO/Asynchronous_FIFO.v Line: 38
Warning (10230): Verilog HDL assignment warning at Asynchronous_FIFO.v(11): truncated value with size 32 to match size of target (16) File: D:/IIT BOMBAY/M.Tech Projects/Asynchronous FIFO/Asynchronous_FIFO.v Line: 11
Warning (10030): Net "input_ROM.data_a" at Asynchronous_FIFO.v(6) has no driver or initial value, using a default initial value '0' File: D:/IIT BOMBAY/M.Tech Projects/Asynchronous FIFO/Asynchronous_FIFO.v Line: 6
Warning (10030): Net "input_ROM.waddr_a" at Asynchronous_FIFO.v(6) has no driver or initial value, using a default initial value '0' File: D:/IIT BOMBAY/M.Tech Projects/Asynchronous FIFO/Asynchronous_FIFO.v Line: 6
Warning (10030): Net "input_ROM.we_a" at Asynchronous_FIFO.v(6) has no driver or initial value, using a default initial value '0' File: D:/IIT BOMBAY/M.Tech Projects/Asynchronous FIFO/Asynchronous_FIFO.v Line: 6
Warning (276027): Inferred dual-clock RAM node "memory_rtl_0" from synchronous design logic.  The read-during-write behavior of a dual-clock RAM is undefined and may not match the behavior of the original design.
Critical Warning (127005): Memory depth (512) in the design file differs from memory depth (257) in the Memory Initialization File "D:/IIT BOMBAY/M.Tech Projects/Asynchronous FIFO/db/Asynchronous_FIFO.ram0_transmisson_cdc809e5.hdl.mif" -- setting initial value for remaining addresses to 0
Warning (127007): Memory Initialization File or Hexadecimal (Intel-Format) File "D:/IIT BOMBAY/M.Tech Projects/Asynchronous FIFO/db/Asynchronous_FIFO.ram0_transmisson_cdc809e5.hdl.mif" contains "don't care" values -- overwriting them with 0s
Info (19000): Inferred 1 megafunctions from design logic
    Info (276029): Inferred altsyncram megafunction from the following design logic: "memory_rtl_0" 
        Info (286033): Parameter OPERATION_MODE set to DUAL_PORT
        Info (286033): Parameter WIDTH_A set to 16
        Info (286033): Parameter WIDTHAD_A set to 5
        Info (286033): Parameter NUMWORDS_A set to 32
        Info (286033): Parameter WIDTH_B set to 16
        Info (286033): Parameter WIDTHAD_B set to 5
        Info (286033): Parameter NUMWORDS_B set to 32
        Info (286033): Parameter ADDRESS_ACLR_A set to NONE
        Info (286033): Parameter OUTDATA_REG_B set to UNREGISTERED
        Info (286033): Parameter ADDRESS_ACLR_B set to NONE
        Info (286033): Parameter OUTDATA_ACLR_B set to NONE
        Info (286033): Parameter ADDRESS_REG_B set to CLOCK1
        Info (286033): Parameter INDATA_ACLR_A set to NONE
        Info (286033): Parameter WRCONTROL_ACLR_A set to NONE
Info (12130): Elaborated megafunction instantiation "altsyncram:memory_rtl_0"
Info (12133): Instantiated megafunction "altsyncram:memory_rtl_0" with the following parameter:
    Info (12134): Parameter "OPERATION_MODE" = "DUAL_PORT"
    Info (12134): Parameter "WIDTH_A" = "16"
    Info (12134): Parameter "WIDTHAD_A" = "5"
    Info (12134): Parameter "NUMWORDS_A" = "32"
    Info (12134): Parameter "WIDTH_B" = "16"
    Info (12134): Parameter "WIDTHAD_B" = "5"
    Info (12134): Parameter "NUMWORDS_B" = "32"
    Info (12134): Parameter "ADDRESS_ACLR_A" = "NONE"
    Info (12134): Parameter "OUTDATA_REG_B" = "UNREGISTERED"
    Info (12134): Parameter "ADDRESS_ACLR_B" = "NONE"
    Info (12134): Parameter "OUTDATA_ACLR_B" = "NONE"
    Info (12134): Parameter "ADDRESS_REG_B" = "CLOCK1"
    Info (12134): Parameter "INDATA_ACLR_A" = "NONE"
    Info (12134): Parameter "WRCONTROL_ACLR_A" = "NONE"
Info (12021): Found 1 design units, including 1 entities, in source file db/altsyncram_flk1.tdf
    Info (12023): Found entity 1: altsyncram_flk1 File: D:/IIT BOMBAY/M.Tech Projects/Asynchronous FIFO/db/altsyncram_flk1.tdf Line: 28
Info (286030): Timing-Driven Synthesis is running
Info (17049): 7 registers lost all their fanouts during netlist optimizations.
Info (16010): Generating hard_block partition "hard_block:auto_generated_inst"
    Info (16011): Adding 0 node(s), including 0 DDIO, 0 PLL, 0 transceiver and 0 LCELL
Info (21057): Implemented 152 device resources after synthesis - the final resource count might be different
    Info (21058): Implemented 3 input pins
    Info (21059): Implemented 18 output pins
    Info (21061): Implemented 115 logic cells
    Info (21064): Implemented 16 RAM segments
Info: Quartus Prime Analysis & Synthesis was successful. 0 errors, 11 warnings
    Info: Peak virtual memory: 4899 megabytes
    Info: Processing ended: Sun Jul 24 17:43:02 2022
    Info: Elapsed time: 00:00:10
    Info: Total CPU time (on all processors): 00:00:23


